17:22:05.886 [main                     ] DEBUG Logger               - Configured Logger
17:22:05.902 [main                     ] DEBUG GameApplication      - Logging settings
Title: Tower Defense
Version: 0.0
Width: 1050
Height: 700
Fullscreen: false
Intro: false
Profiling: false
Single step:false
App Mode: DEVELOPER
Menu Key: ESCAPE
Stage Style: DECORATED
Scene Factory: class TowerDefense$1

17:22:06.577 [JavaFX Application Thread] DEBUG FXGLApplication      - Initializing FXGL
17:22:06.580 [JavaFX Application Thread] INFO  Engine               - FXGL-11.12 (11.12.2020 08.51) on WINDOWS (J:17 FX:15)
17:22:06.580 [JavaFX Application Thread] DEBUG Engine               - JRE Vendor Name: Oracle Corporation
17:22:06.580 [JavaFX Application Thread] DEBUG Engine               - Running on OS: Windows 10 version 10.0
17:22:06.580 [JavaFX Application Thread] DEBUG Engine               - Architecture: amd64
17:22:06.581 [JavaFX Application Thread] INFO  Engine               - Source code and latest versions at: https://github.com/AlmasB/FXGL
17:22:06.581 [JavaFX Application Thread] INFO  Engine               -              Join the FXGL chat at: https://gitter.im/AlmasB/FXGL
17:22:06.771 [JavaFX Application Thread] DEBUG MainWindow           - Creating a JavaFX scene
17:22:06.883 [JavaFX Application Thread] DEBUG MainWindow           - Target settings size: 1050.0 x 700.0
17:22:06.883 [JavaFX Application Thread] DEBUG MainWindow           - Scaled scene size:    1050.0 x 700.0
17:22:06.884 [JavaFX Application Thread] DEBUG MainWindow           - Scaled ratio: (1.0, 1.0)
17:22:06.886 [JavaFX Application Thread] DEBUG MainWindow           - Set initial scene to StartupScene
17:22:06.900 [JavaFX Application Thread] DEBUG MainWindow           - Opening main window
17:22:07.044 [JavaFX Application Thread] DEBUG MainWindow           - Window border size: (13.0, 35.5)
17:22:07.045 [JavaFX Application Thread] DEBUG MainWindow           - Scaled size: 1050.0 x 700.0
17:22:07.045 [JavaFX Application Thread] DEBUG MainWindow           - Scaled ratio: (1.0, 1.0)
17:22:07.046 [JavaFX Application Thread] DEBUG MainWindow           - Scene size: 1050.0 x 700.0
17:22:07.046 [JavaFX Application Thread] DEBUG MainWindow           - Stage size: 1063.0 x 735.5
17:22:07.066 [FXGL Background Thread 1 ] DEBUG Engine               - Initializing environment variables
17:22:07.138 [FXGL Background Thread 1 ] DEBUG GameApplicationServi - Applying CSS: fxgl_dark.css
17:22:07.140 [FXGL Background Thread 1 ] DEBUG FXGLAssetLoaderServi - Loading from file system: /assets/ui/css/fxgl_dark.css
17:22:07.268 [FXGL Background Thread 1 ] DEBUG GameApplicationServi - Initializing application scenes
17:22:07.373 [FXGL Background Thread 1 ] DEBUG GameWorld            - Game world initialized
17:22:07.501 [FXGL Background Thread 1 ] DEBUG PhysicsWorld         - Physics world initialized: appHeight=700, physics.ppm=50.0
17:22:07.504 [FXGL Background Thread 1 ] DEBUG GameScene            - Game scene initialized: 1050x700
17:22:07.557 [FXGL Background Thread 1 ] DEBUG GameApplicationServi - Application scenes initialized
17:22:07.580 [FXGL Background Thread 1 ] DEBUG SystemBundleService  - Loading FXGL system data
17:22:07.589 [FXGL Background Thread 1 ] DEBUG FileSystemAccess     - Reading from: C:\Users\Tanner Price\Documents\M2\system\fxgl.bundle
17:22:07.598 [FXGL Background Thread 1 ] DEBUG SystemBundleService  - Bundle FXGL: {}
17:22:07.598 [FXGL Background Thread 1 ] DEBUG UpdaterService       - Checking for updates
17:22:07.606 [FXGL Background Thread 4 ] DEBUG FXGLApplication      - Loading fonts
17:22:07.606 [FXGL Background Thread 4 ] DEBUG FXGLAssetLoaderServi - Loading from file system: /assets/ui/fonts/VarelaRound-Regular.ttf
17:22:07.606 [FXGL Background Thread 1 ] DEBUG FXGLApplication      - Loading default localization
17:22:07.607 [FXGL Background Thread 1 ] DEBUG FXGLAssetLoaderServi - Loading from file system: /assets/languages/english.lang
17:22:07.644 [FXGL Background Thread 1 ] INFO  FXGLApplication      - FXGL initialization took: 0.577 sec
17:22:07.645 [JavaFX Application Thread] DEBUG FXGLAssetLoaderServi - Loading from file system: /assets/textures/fxgl_icon.png
17:22:07.719 [FXGL Background Thread 4 ] DEBUG FXGLAssetLoaderServi - Loading from file system: /assets/ui/fonts/Abel-Regular.ttf
17:22:07.739 [FXGL Background Thread 4 ] DEBUG FXGLAssetLoaderServi - Loading from file system: /assets/ui/fonts/lucida_console.ttf
17:22:07.746 [JavaFX Application Thread] DEBUG FXGLAssetLoaderServi - Loading from file system: /assets/ui/cursors/fxgl_default.png
17:22:07.764 [FXGL Background Thread 4 ] DEBUG FXGLAssetLoaderServi - Loading from file system: /assets/ui/fonts/Courier-Prime.ttf
17:22:07.773 [JavaFX Application Thread] DEBUG Input                - Registered new binding: Screenshot - P
17:22:07.775 [JavaFX Application Thread] DEBUG Input                - Registered new binding: System info dump - CTRL+9
17:22:07.776 [JavaFX Application Thread] DEBUG Input                - Registered new binding: Restart - CTRL+R
17:22:07.777 [JavaFX Application Thread] DEBUG Input                - Registered new binding: Toggle Debug Camera - CTRL+C
17:22:07.782 [JavaFX Application Thread] DEBUG LoopRunner           - Starting loop
17:22:07.787 [JavaFX Application Thread] DEBUG Input                - Clearing active input actions
17:22:07.810 [JavaFX Application Thread] DEBUG GameApplicationServi - Removing overlay from StartupScene and adding to FXGLMainMenuDummyScene
17:22:07.811 [JavaFX Application Thread] DEBUG MainWindow           - StartupScene -> FXGLMainMenuDummyScene
17:22:07.812 [JavaFX Application Thread] DEBUG MainWindow           - Push state: WelcomeMenu
17:22:07.812 [JavaFX Application Thread] DEBUG Input                - Clearing active input actions
17:22:07.819 [JavaFX Application Thread] DEBUG GameApplicationServi - Removing overlay from FXGLMainMenuDummyScene and adding to WelcomeMenu
17:22:07.820 [JavaFX Application Thread] DEBUG MainWindow           - FXGLMainMenuDummyScene -> WelcomeMenu
17:22:07.884 [JavaFX Application Thread] DEBUG FXGLApplication      - Registering font factories with UI factory
17:22:08.349 [FXGL Background Thread 2 ] INFO  UpdaterService       - Your current version:  11.12
17:22:08.350 [FXGL Background Thread 2 ] INFO  UpdaterService       - Latest stable version: 11.17
17:22:08.748 [JavaFX Application Thread] DEBUG MainWindow           - Push state: ConfigScreen
17:22:08.748 [JavaFX Application Thread] DEBUG Input                - Clearing active input actions
17:22:08.761 [JavaFX Application Thread] DEBUG GameApplicationServi - Removing overlay from WelcomeMenu and adding to ConfigScreen
17:22:08.761 [JavaFX Application Thread] DEBUG MainWindow           - WelcomeMenu -> ConfigScreen
17:22:10.605 [FXGL Background Thread 3 ] DEBUG Engine               - Logging environment variables
17:22:10.606 [FXGL Background Thread 3 ] DEBUG Engine               - achievements: []
17:22:10.607 [FXGL Background Thread 3 ] DEBUG Engine               - actualHeight: 700.0
17:22:10.608 [FXGL Background Thread 3 ] DEBUG Engine               - actualHeightProperty: ReadOnlyDoubleProperty [value: 700.0]
17:22:10.608 [FXGL Background Thread 3 ] DEBUG Engine               - actualWidth: 1050.0
17:22:10.608 [FXGL Background Thread 3 ] DEBUG Engine               - actualWidthProperty: ReadOnlyDoubleProperty [value: 1050.0]
17:22:10.608 [FXGL Background Thread 3 ] DEBUG Engine               - appIcon: fxgl_icon.png
17:22:10.609 [FXGL Background Thread 3 ] DEBUG Engine               - applicationMode: DEVELOPER
17:22:10.609 [FXGL Background Thread 3 ] DEBUG Engine               - cSSList: [fxgl_dark.css]
17:22:10.609 [FXGL Background Thread 3 ] DEBUG Engine               - configClass: Optional.empty
17:22:10.610 [FXGL Background Thread 3 ] DEBUG Engine               - credits: []
17:22:10.610 [FXGL Background Thread 3 ] DEBUG Engine               - devBBoxColorProperty: ObjectProperty [value: 0xff0000ff]
17:22:10.611 [FXGL Background Thread 3 ] DEBUG Engine               - devEnableDebugCameraProperty: BooleanProperty [value: false]
17:22:10.611 [FXGL Background Thread 3 ] DEBUG Engine               - devSensorColorProperty: ObjectProperty [value: 0xffff00ff]
17:22:10.611 [FXGL Background Thread 3 ] DEBUG Engine               - devShowBBoxProperty: BooleanProperty [value: false]
17:22:10.612 [FXGL Background Thread 3 ] DEBUG Engine               - devShowPositionProperty: BooleanProperty [value: false]
17:22:10.612 [FXGL Background Thread 3 ] DEBUG Engine               - enabledMenuItems: []
17:22:10.613 [FXGL Background Thread 3 ] DEBUG Engine               - engineServices: [class com.almasb.fxgl.app.FXGLApplication$GameApplicationService, class com.almasb.fxgl.app.services.FXGLDialogService, class com.almasb.fxgl.app.services.IOTaskExecutorService, class com.almasb.fxgl.event.EventBusService, class com.almasb.fxgl.io.FileSystemService, class com.almasb.fxgl.localization.LocalizationService, class com.almasb.fxgl.app.services.FXGLAssetLoaderService, class com.almasb.fxgl.app.services.SystemBundleService, class com.almasb.fxgl.profile.SaveLoadService, class com.almasb.fxgl.ui.FXGLUIFactoryServiceProvider, class com.almasb.fxgl.ui.FXGLDialogFactoryServiceProvider, class com.almasb.fxgl.audio.AudioPlayer, class com.almasb.fxgl.notification.impl.NotificationServiceProvider, class com.almasb.fxgl.achievement.AchievementService, class com.almasb.fxgl.cutscene.CutsceneService, class com.almasb.fxgl.minigames.MiniGameService, class com.almasb.fxgl.net.NetService, class com.almasb.fxgl.app.services.UpdaterService, class com.almasb.fxgl.dev.DevService]
17:22:10.614 [FXGL Background Thread 3 ] DEBUG Engine               - fontGame: Abel-Regular.ttf
17:22:10.614 [FXGL Background Thread 3 ] DEBUG Engine               - fontMono: lucida_console.ttf
17:22:10.615 [FXGL Background Thread 3 ] DEBUG Engine               - fontText: Courier-Prime.ttf
17:22:10.615 [FXGL Background Thread 3 ] DEBUG Engine               - fontUI: VarelaRound-Regular.ttf
17:22:10.615 [FXGL Background Thread 3 ] DEBUG Engine               - fullScreen: BooleanProperty [value: false]
17:22:10.615 [FXGL Background Thread 3 ] DEBUG Engine               - gameDifficulty: MEDIUM
17:22:10.616 [FXGL Background Thread 3 ] DEBUG Engine               - gameDifficultyProperty: ObjectProperty [value: MEDIUM]
17:22:10.616 [FXGL Background Thread 3 ] DEBUG Engine               - globalMusicVolume: 0.5
17:22:10.616 [FXGL Background Thread 3 ] DEBUG Engine               - globalMusicVolumeProperty: DoubleProperty [value: 0.5]
17:22:10.617 [FXGL Background Thread 3 ] DEBUG Engine               - globalSoundVolume: 0.5
17:22:10.617 [FXGL Background Thread 3 ] DEBUG Engine               - globalSoundVolumeProperty: DoubleProperty [value: 0.5]
17:22:10.617 [FXGL Background Thread 3 ] DEBUG Engine               - height: 700
17:22:10.618 [FXGL Background Thread 3 ] DEBUG Engine               - isAndroid: false
17:22:10.618 [FXGL Background Thread 3 ] DEBUG Engine               - isBrowser: false
17:22:10.618 [FXGL Background Thread 3 ] DEBUG Engine               - isClickFeedbackEnabled: false
17:22:10.618 [FXGL Background Thread 3 ] DEBUG Engine               - isCloseConfirmation: false
17:22:10.619 [FXGL Background Thread 3 ] DEBUG Engine               - isDesktop: true
17:22:10.619 [FXGL Background Thread 3 ] DEBUG Engine               - isDeveloperMenuEnabled: false
17:22:10.619 [FXGL Background Thread 3 ] DEBUG Engine               - isEntityPreloadEnabled: true
17:22:10.619 [FXGL Background Thread 3 ] DEBUG Engine               - isExperimental3D: false
17:22:10.620 [FXGL Background Thread 3 ] DEBUG Engine               - isExperimentalNative: false
17:22:10.620 [FXGL Background Thread 3 ] DEBUG Engine               - isExperimentalTiledLargeMap: false
17:22:10.620 [FXGL Background Thread 3 ] DEBUG Engine               - isFileSystemWriteAllowed: true
17:22:10.621 [FXGL Background Thread 3 ] DEBUG Engine               - isFullScreenAllowed: false
17:22:10.621 [FXGL Background Thread 3 ] DEBUG Engine               - isFullScreenFromStart: false
17:22:10.621 [FXGL Background Thread 3 ] DEBUG Engine               - isGameMenuEnabled: true
17:22:10.622 [FXGL Background Thread 3 ] DEBUG Engine               - isIOS: false
17:22:10.622 [FXGL Background Thread 3 ] DEBUG Engine               - isIntroEnabled: false
17:22:10.622 [FXGL Background Thread 3 ] DEBUG Engine               - isLinux: false
17:22:10.623 [FXGL Background Thread 3 ] DEBUG Engine               - isMac: false
17:22:10.623 [FXGL Background Thread 3 ] DEBUG Engine               - isMainMenuEnabled: true
17:22:10.623 [FXGL Background Thread 3 ] DEBUG Engine               - isManualResizeEnabled: false
17:22:10.623 [FXGL Background Thread 3 ] DEBUG Engine               - isMobile: false
17:22:10.624 [FXGL Background Thread 3 ] DEBUG Engine               - isPreserveResizeRatio: false
17:22:10.624 [FXGL Background Thread 3 ] DEBUG Engine               - isProfilingEnabled: false
17:22:10.624 [FXGL Background Thread 3 ] DEBUG Engine               - isScaleAffectedOnResize: true
17:22:10.624 [FXGL Background Thread 3 ] DEBUG Engine               - isSingleStep: false
17:22:10.625 [FXGL Background Thread 3 ] DEBUG Engine               - isUserProfileEnabled: false
17:22:10.625 [FXGL Background Thread 3 ] DEBUG Engine               - isWindows: true
17:22:10.625 [FXGL Background Thread 3 ] DEBUG Engine               - language: ObjectProperty [value: ENGLISH]
17:22:10.625 [FXGL Background Thread 3 ] DEBUG Engine               - menuKey: ESCAPE
17:22:10.625 [FXGL Background Thread 3 ] DEBUG Engine               - notificationViewClass: class com.almasb.fxgl.notification.view.XboxNotificationView
17:22:10.626 [FXGL Background Thread 3 ] DEBUG Engine               - pixelsPerMeter: 50.0
17:22:10.626 [FXGL Background Thread 3 ] DEBUG Engine               - platform: WINDOWS
17:22:10.626 [FXGL Background Thread 3 ] DEBUG Engine               - prefHeightProperty: ReadOnlyDoubleProperty [value: 700.0]
17:22:10.627 [FXGL Background Thread 3 ] DEBUG Engine               - prefWidthProperty: ReadOnlyDoubleProperty [value: 1050.0]
17:22:10.627 [FXGL Background Thread 3 ] DEBUG Engine               - profileDir: profiles/
17:22:10.627 [FXGL Background Thread 3 ] DEBUG Engine               - profileName: StringProperty [value: DEFAULT]
17:22:10.628 [FXGL Background Thread 3 ] DEBUG Engine               - randomSeed: -1
17:22:10.628 [FXGL Background Thread 3 ] DEBUG Engine               - runtimeInfo: RuntimeInfo(platform=WINDOWS, version=11.12, build=11.12.2020 08.51)
17:22:10.628 [FXGL Background Thread 3 ] DEBUG Engine               - saveFileExt: sav
17:22:10.628 [FXGL Background Thread 3 ] DEBUG Engine               - scaledHeightProp$fxgl: DoubleProperty [bound, value: 700.0]
17:22:10.629 [FXGL Background Thread 3 ] DEBUG Engine               - scaledWidthProp$fxgl: DoubleProperty [bound, value: 1050.0]
17:22:10.630 [FXGL Background Thread 3 ] DEBUG Engine               - sceneFactory: TowerDefense$1@6c37ea19
17:22:10.630 [FXGL Background Thread 3 ] DEBUG Engine               - secondsIn24h: 60
17:22:10.630 [FXGL Background Thread 3 ] DEBUG Engine               - soundMenuBack: menu/back.wav
17:22:10.630 [FXGL Background Thread 3 ] DEBUG Engine               - soundMenuPress: menu/press.wav
17:22:10.630 [FXGL Background Thread 3 ] DEBUG Engine               - soundMenuSelect: menu/select.wav
17:22:10.630 [FXGL Background Thread 3 ] DEBUG Engine               - soundNotification: core/notification.wav
17:22:10.631 [FXGL Background Thread 3 ] DEBUG Engine               - stageStyle: DECORATED
17:22:10.631 [FXGL Background Thread 3 ] DEBUG Engine               - supportedLanguages: [ENGLISH, FRENCH, GERMAN, HUNGARIAN, RUSSIAN]
17:22:10.631 [FXGL Background Thread 3 ] DEBUG Engine               - title: Tower Defense
17:22:10.631 [FXGL Background Thread 3 ] DEBUG Engine               - urlGithub: https://github.com/AlmasB/FXGL
17:22:10.631 [FXGL Background Thread 3 ] DEBUG Engine               - urlLeaderboard: http://fxgl-top.herokuapp.com/
17:22:10.631 [FXGL Background Thread 3 ] DEBUG Engine               - urlPOM: https://raw.githubusercontent.com/AlmasB/FXGL/master/README.md
17:22:10.632 [FXGL Background Thread 3 ] DEBUG Engine               - version: 0.0
17:22:10.632 [FXGL Background Thread 3 ] DEBUG Engine               - versionCheckDays: 7
17:22:10.632 [FXGL Background Thread 3 ] DEBUG Engine               - width: 1050
17:22:10.632 [FXGL Background Thread 3 ] DEBUG Engine               - Logging services
17:22:10.632 [FXGL Background Thread 3 ] DEBUG Engine               - class com.almasb.fxgl.app.FXGLApplication$GameApplicationService
17:22:10.633 [FXGL Background Thread 3 ] DEBUG Engine               - class com.almasb.fxgl.app.services.FXGLDialogService
17:22:10.633 [FXGL Background Thread 3 ] DEBUG Engine               - class com.almasb.fxgl.app.services.IOTaskExecutorService
17:22:10.633 [FXGL Background Thread 3 ] DEBUG Engine               - class com.almasb.fxgl.event.EventBusService
17:22:10.633 [FXGL Background Thread 3 ] DEBUG Engine               - class com.almasb.fxgl.io.FileSystemService
17:22:10.633 [FXGL Background Thread 3 ] DEBUG Engine               - class com.almasb.fxgl.localization.LocalizationService
17:22:10.633 [FXGL Background Thread 3 ] DEBUG Engine               - class com.almasb.fxgl.app.services.FXGLAssetLoaderService
17:22:10.633 [FXGL Background Thread 3 ] DEBUG Engine               - class com.almasb.fxgl.app.services.SystemBundleService
17:22:10.633 [FXGL Background Thread 3 ] DEBUG Engine               - class com.almasb.fxgl.profile.SaveLoadService
17:22:10.634 [FXGL Background Thread 3 ] DEBUG Engine               - class com.almasb.fxgl.ui.FXGLUIFactoryServiceProvider
17:22:10.634 [FXGL Background Thread 3 ] DEBUG Engine               - class com.almasb.fxgl.ui.FXGLDialogFactoryServiceProvider
17:22:10.634 [FXGL Background Thread 3 ] DEBUG Engine               - class com.almasb.fxgl.audio.AudioPlayer
17:22:10.635 [FXGL Background Thread 3 ] DEBUG Engine               - class com.almasb.fxgl.notification.impl.NotificationServiceProvider
17:22:10.635 [FXGL Background Thread 3 ] DEBUG Engine               - class com.almasb.fxgl.achievement.AchievementService
17:22:10.635 [FXGL Background Thread 3 ] DEBUG Engine               - class com.almasb.fxgl.cutscene.CutsceneService
17:22:10.635 [FXGL Background Thread 3 ] DEBUG Engine               - class com.almasb.fxgl.minigames.MiniGameService
17:22:10.635 [FXGL Background Thread 3 ] DEBUG Engine               - class com.almasb.fxgl.net.NetService
17:22:10.635 [FXGL Background Thread 3 ] DEBUG Engine               - class com.almasb.fxgl.app.services.UpdaterService
17:22:10.635 [FXGL Background Thread 3 ] DEBUG Engine               - class com.almasb.fxgl.dev.DevService
17:22:12.594 [JavaFX Application Thread] DEBUG Menu                 - fireNewGame()
17:22:12.595 [JavaFX Application Thread] DEBUG GameApplicationServi - Starting new game
17:22:12.597 [JavaFX Application Thread] DEBUG MainWindow           - Pop state: ConfigScreen
17:22:12.597 [JavaFX Application Thread] DEBUG Input                - Clearing active input actions
17:22:12.599 [JavaFX Application Thread] DEBUG GameApplicationServi - Removing overlay from ConfigScreen and adding to WelcomeMenu
17:22:12.599 [JavaFX Application Thread] DEBUG MainWindow           - WelcomeMenu <- ConfigScreen
17:22:12.600 [JavaFX Application Thread] DEBUG MainWindow           - Pop state: WelcomeMenu
17:22:12.600 [JavaFX Application Thread] DEBUG Input                - Clearing active input actions
17:22:12.600 [JavaFX Application Thread] DEBUG GameApplicationServi - Removing overlay from WelcomeMenu and adding to FXGLMainMenuDummyScene
17:22:12.601 [JavaFX Application Thread] DEBUG MainWindow           - FXGLMainMenuDummyScene <- WelcomeMenu
17:22:12.601 [JavaFX Application Thread] DEBUG Input                - Clearing active input actions
17:22:12.612 [JavaFX Application Thread] DEBUG GameApplicationServi - Removing overlay from FXGLMainMenuDummyScene and adding to FXGLLoadingScene
17:22:12.612 [JavaFX Application Thread] DEBUG MainWindow           - FXGLMainMenuDummyScene -> FXGLLoadingScene
17:22:12.613 [JavaFX Application Thread] DEBUG GameApplicationServi - Clearing previous game
17:22:12.613 [JavaFX Application Thread] DEBUG GameScene            - Clearing game scene
17:22:12.613 [JavaFX Application Thread] DEBUG GameWorld            - Clearing game world
17:22:12.613 [JavaFX Application Thread] DEBUG PhysicsWorld         - Clearing physics world
17:22:12.615 [FXGL Background Thread 2 ] DEBUG FXGLApplication      - Initializing game
17:22:12.626 [FXGL Background Thread 2 ] DEBUG FXGLAssetLoaderServi - Loading from file system: /assets/textures/Map2.png
17:22:12.758 [FXGL Background Thread 2 ] DEBUG FXGLAssetLoaderServi - Loading from file system: /assets/textures/TechTower.jpg
17:22:12.779 [FXGL Background Thread 2 ] INFO  FXGLApplication      - Game initialization took: 0.163 sec
17:22:12.782 [JavaFX Application Thread] DEBUG Input                - Clearing active input actions
17:22:12.798 [JavaFX Application Thread] DEBUG GameApplicationServi - Removing overlay from FXGLLoadingScene and adding to GameScene
17:22:12.799 [JavaFX Application Thread] DEBUG MainWindow           - FXGLLoadingScene -> GameScene
17:22:14.485 [JavaFX Application Thread] DEBUG FXGLApplication      - Exiting FXGL
17:22:14.485 [JavaFX Application Thread] DEBUG LoopRunner           - Stopping loop
17:22:14.486 [JavaFX Application Thread] DEBUG SystemBundleService  - Saving FXGL system data
17:22:14.490 [JavaFX Application Thread] DEBUG FileSystemAccess     - Writing to: C:\Users\Tanner Price\Documents\M2\system\fxgl.bundle
17:22:14.494 [JavaFX Application Thread] DEBUG Async                - Shutting down background threads
17:22:14.495 [JavaFX Application Thread] DEBUG MainWindow           - Closing main window
17:22:14.552 [JavaFX Application Thread] DEBUG Logger               - Closing Logger
