17:17:58.059 [main                     ] DEBUG Logger               - Configured Logger
17:17:58.075 [main                     ] DEBUG GameApplication      - Logging settings
Title: Tower Defense
Version: 0.0
Width: 1015
Height: 700
Fullscreen: false
Intro: false
Profiling: false
Single step:false
App Mode: DEVELOPER
Menu Key: ESCAPE
Stage Style: DECORATED
Scene Factory: class TowerDefense$1

17:17:58.736 [JavaFX Application Thread] DEBUG FXGLApplication      - Initializing FXGL
17:17:58.739 [JavaFX Application Thread] INFO  Engine               - FXGL-11.12 (11.12.2020 08.51) on WINDOWS (J:17 FX:15)
17:17:58.740 [JavaFX Application Thread] DEBUG Engine               - JRE Vendor Name: Oracle Corporation
17:17:58.740 [JavaFX Application Thread] DEBUG Engine               - Running on OS: Windows 10 version 10.0
17:17:58.740 [JavaFX Application Thread] DEBUG Engine               - Architecture: amd64
17:17:58.741 [JavaFX Application Thread] INFO  Engine               - Source code and latest versions at: https://github.com/AlmasB/FXGL
17:17:58.741 [JavaFX Application Thread] INFO  Engine               -              Join the FXGL chat at: https://gitter.im/AlmasB/FXGL
17:17:58.929 [JavaFX Application Thread] DEBUG MainWindow           - Creating a JavaFX scene
17:17:59.023 [JavaFX Application Thread] DEBUG MainWindow           - Target settings size: 1015.0 x 700.0
17:17:59.023 [JavaFX Application Thread] DEBUG MainWindow           - Scaled scene size:    1015.0 x 700.0
17:17:59.023 [JavaFX Application Thread] DEBUG MainWindow           - Scaled ratio: (1.0, 1.0)
17:17:59.025 [JavaFX Application Thread] DEBUG MainWindow           - Set initial scene to StartupScene
17:17:59.036 [JavaFX Application Thread] DEBUG MainWindow           - Opening main window
17:17:59.175 [JavaFX Application Thread] DEBUG MainWindow           - Window border size: (13.0, 35.5)
17:17:59.175 [JavaFX Application Thread] DEBUG MainWindow           - Scaled size: 1015.0 x 700.0
17:17:59.175 [JavaFX Application Thread] DEBUG MainWindow           - Scaled ratio: (1.0, 1.0)
17:17:59.176 [JavaFX Application Thread] DEBUG MainWindow           - Scene size: 1015.0 x 700.0
17:17:59.176 [JavaFX Application Thread] DEBUG MainWindow           - Stage size: 1028.0 x 735.5
17:17:59.194 [FXGL Background Thread 1 ] DEBUG Engine               - Initializing environment variables
17:17:59.270 [FXGL Background Thread 1 ] DEBUG GameApplicationServi - Applying CSS: fxgl_dark.css
17:17:59.272 [FXGL Background Thread 1 ] DEBUG FXGLAssetLoaderServi - Loading from file system: /assets/ui/css/fxgl_dark.css
17:17:59.410 [FXGL Background Thread 1 ] DEBUG GameApplicationServi - Initializing application scenes
17:17:59.510 [FXGL Background Thread 1 ] DEBUG GameWorld            - Game world initialized
17:17:59.664 [FXGL Background Thread 1 ] DEBUG PhysicsWorld         - Physics world initialized: appHeight=700, physics.ppm=50.0
17:17:59.668 [FXGL Background Thread 1 ] DEBUG GameScene            - Game scene initialized: 1015x700
17:17:59.728 [FXGL Background Thread 1 ] DEBUG GameApplicationServi - Application scenes initialized
17:17:59.753 [FXGL Background Thread 1 ] DEBUG SystemBundleService  - Loading FXGL system data
17:17:59.760 [FXGL Background Thread 1 ] DEBUG FileSystemAccess     - Reading from: C:\Users\Tanner Price\Documents\M2\system\fxgl.bundle
17:17:59.769 [FXGL Background Thread 1 ] DEBUG SystemBundleService  - Bundle FXGL: {}
17:17:59.769 [FXGL Background Thread 1 ] DEBUG UpdaterService       - Checking for updates
17:17:59.778 [FXGL Background Thread 4 ] DEBUG FXGLApplication      - Loading fonts
17:17:59.778 [FXGL Background Thread 4 ] DEBUG FXGLAssetLoaderServi - Loading from file system: /assets/ui/fonts/VarelaRound-Regular.ttf
17:17:59.779 [FXGL Background Thread 1 ] DEBUG FXGLApplication      - Loading default localization
17:17:59.779 [FXGL Background Thread 1 ] DEBUG FXGLAssetLoaderServi - Loading from file system: /assets/languages/english.lang
17:17:59.811 [FXGL Background Thread 1 ] INFO  FXGLApplication      - FXGL initialization took: 0.616 sec
17:17:59.812 [JavaFX Application Thread] DEBUG FXGLAssetLoaderServi - Loading from file system: /assets/textures/fxgl_icon.png
17:17:59.864 [FXGL Background Thread 4 ] DEBUG FXGLAssetLoaderServi - Loading from file system: /assets/ui/fonts/Abel-Regular.ttf
17:17:59.887 [FXGL Background Thread 4 ] DEBUG FXGLAssetLoaderServi - Loading from file system: /assets/ui/fonts/lucida_console.ttf
17:17:59.901 [JavaFX Application Thread] DEBUG FXGLAssetLoaderServi - Loading from file system: /assets/ui/cursors/fxgl_default.png
17:17:59.926 [FXGL Background Thread 4 ] DEBUG FXGLAssetLoaderServi - Loading from file system: /assets/ui/fonts/Courier-Prime.ttf
17:17:59.926 [JavaFX Application Thread] DEBUG Input                - Registered new binding: Screenshot - P
17:17:59.927 [JavaFX Application Thread] DEBUG Input                - Registered new binding: System info dump - CTRL+9
17:17:59.928 [JavaFX Application Thread] DEBUG Input                - Registered new binding: Restart - CTRL+R
17:17:59.929 [JavaFX Application Thread] DEBUG Input                - Registered new binding: Toggle Debug Camera - CTRL+C
17:17:59.935 [JavaFX Application Thread] DEBUG LoopRunner           - Starting loop
17:17:59.939 [JavaFX Application Thread] DEBUG Input                - Clearing active input actions
17:17:59.955 [JavaFX Application Thread] DEBUG GameApplicationServi - Removing overlay from StartupScene and adding to FXGLMainMenuDummyScene
17:17:59.956 [JavaFX Application Thread] DEBUG MainWindow           - StartupScene -> FXGLMainMenuDummyScene
17:17:59.956 [JavaFX Application Thread] DEBUG MainWindow           - Push state: WelcomeMenu
17:17:59.957 [JavaFX Application Thread] DEBUG Input                - Clearing active input actions
17:17:59.973 [JavaFX Application Thread] DEBUG GameApplicationServi - Removing overlay from FXGLMainMenuDummyScene and adding to WelcomeMenu
17:17:59.974 [JavaFX Application Thread] DEBUG MainWindow           - FXGLMainMenuDummyScene -> WelcomeMenu
17:18:00.034 [JavaFX Application Thread] DEBUG FXGLApplication      - Registering font factories with UI factory
17:18:00.439 [FXGL Background Thread 2 ] INFO  UpdaterService       - Your current version:  11.12
17:18:00.440 [FXGL Background Thread 2 ] INFO  UpdaterService       - Latest stable version: 11.17
17:18:02.502 [JavaFX Application Thread] DEBUG MainWindow           - Push state: ConfigScreen
17:18:02.502 [JavaFX Application Thread] DEBUG Input                - Clearing active input actions
17:18:02.518 [JavaFX Application Thread] DEBUG GameApplicationServi - Removing overlay from WelcomeMenu and adding to ConfigScreen
17:18:02.518 [JavaFX Application Thread] DEBUG MainWindow           - WelcomeMenu -> ConfigScreen
17:18:02.775 [FXGL Background Thread 3 ] DEBUG Engine               - Logging environment variables
17:18:02.776 [FXGL Background Thread 3 ] DEBUG Engine               - achievements: []
17:18:02.777 [FXGL Background Thread 3 ] DEBUG Engine               - actualHeight: 700.0
17:18:02.777 [FXGL Background Thread 3 ] DEBUG Engine               - actualHeightProperty: ReadOnlyDoubleProperty [value: 700.0]
17:18:02.777 [FXGL Background Thread 3 ] DEBUG Engine               - actualWidth: 1015.0
17:18:02.777 [FXGL Background Thread 3 ] DEBUG Engine               - actualWidthProperty: ReadOnlyDoubleProperty [value: 1015.0]
17:18:02.777 [FXGL Background Thread 3 ] DEBUG Engine               - appIcon: fxgl_icon.png
17:18:02.778 [FXGL Background Thread 3 ] DEBUG Engine               - applicationMode: DEVELOPER
17:18:02.778 [FXGL Background Thread 3 ] DEBUG Engine               - cSSList: [fxgl_dark.css]
17:18:02.778 [FXGL Background Thread 3 ] DEBUG Engine               - configClass: Optional.empty
17:18:02.778 [FXGL Background Thread 3 ] DEBUG Engine               - credits: []
17:18:02.779 [FXGL Background Thread 3 ] DEBUG Engine               - devBBoxColorProperty: ObjectProperty [value: 0xff0000ff]
17:18:02.779 [FXGL Background Thread 3 ] DEBUG Engine               - devEnableDebugCameraProperty: BooleanProperty [value: false]
17:18:02.779 [FXGL Background Thread 3 ] DEBUG Engine               - devSensorColorProperty: ObjectProperty [value: 0xffff00ff]
17:18:02.780 [FXGL Background Thread 3 ] DEBUG Engine               - devShowBBoxProperty: BooleanProperty [value: false]
17:18:02.780 [FXGL Background Thread 3 ] DEBUG Engine               - devShowPositionProperty: BooleanProperty [value: false]
17:18:02.780 [FXGL Background Thread 3 ] DEBUG Engine               - enabledMenuItems: []
17:18:02.780 [FXGL Background Thread 3 ] DEBUG Engine               - engineServices: [class com.almasb.fxgl.app.FXGLApplication$GameApplicationService, class com.almasb.fxgl.app.services.FXGLDialogService, class com.almasb.fxgl.app.services.IOTaskExecutorService, class com.almasb.fxgl.event.EventBusService, class com.almasb.fxgl.io.FileSystemService, class com.almasb.fxgl.localization.LocalizationService, class com.almasb.fxgl.app.services.FXGLAssetLoaderService, class com.almasb.fxgl.app.services.SystemBundleService, class com.almasb.fxgl.profile.SaveLoadService, class com.almasb.fxgl.ui.FXGLUIFactoryServiceProvider, class com.almasb.fxgl.ui.FXGLDialogFactoryServiceProvider, class com.almasb.fxgl.audio.AudioPlayer, class com.almasb.fxgl.notification.impl.NotificationServiceProvider, class com.almasb.fxgl.achievement.AchievementService, class com.almasb.fxgl.cutscene.CutsceneService, class com.almasb.fxgl.minigames.MiniGameService, class com.almasb.fxgl.net.NetService, class com.almasb.fxgl.app.services.UpdaterService, class com.almasb.fxgl.dev.DevService]
17:18:02.780 [FXGL Background Thread 3 ] DEBUG Engine               - fontGame: Abel-Regular.ttf
17:18:02.780 [FXGL Background Thread 3 ] DEBUG Engine               - fontMono: lucida_console.ttf
17:18:02.781 [FXGL Background Thread 3 ] DEBUG Engine               - fontText: Courier-Prime.ttf
17:18:02.781 [FXGL Background Thread 3 ] DEBUG Engine               - fontUI: VarelaRound-Regular.ttf
17:18:02.781 [FXGL Background Thread 3 ] DEBUG Engine               - fullScreen: BooleanProperty [value: false]
17:18:02.781 [FXGL Background Thread 3 ] DEBUG Engine               - gameDifficulty: MEDIUM
17:18:02.781 [FXGL Background Thread 3 ] DEBUG Engine               - gameDifficultyProperty: ObjectProperty [value: MEDIUM]
17:18:02.782 [FXGL Background Thread 3 ] DEBUG Engine               - globalMusicVolume: 0.5
17:18:02.782 [FXGL Background Thread 3 ] DEBUG Engine               - globalMusicVolumeProperty: DoubleProperty [value: 0.5]
17:18:02.783 [FXGL Background Thread 3 ] DEBUG Engine               - globalSoundVolume: 0.5
17:18:02.783 [FXGL Background Thread 3 ] DEBUG Engine               - globalSoundVolumeProperty: DoubleProperty [value: 0.5]
17:18:02.783 [FXGL Background Thread 3 ] DEBUG Engine               - height: 700
17:18:02.783 [FXGL Background Thread 3 ] DEBUG Engine               - isAndroid: false
17:18:02.784 [FXGL Background Thread 3 ] DEBUG Engine               - isBrowser: false
17:18:02.784 [FXGL Background Thread 3 ] DEBUG Engine               - isClickFeedbackEnabled: false
17:18:02.784 [FXGL Background Thread 3 ] DEBUG Engine               - isCloseConfirmation: false
17:18:02.784 [FXGL Background Thread 3 ] DEBUG Engine               - isDesktop: true
17:18:02.785 [FXGL Background Thread 3 ] DEBUG Engine               - isDeveloperMenuEnabled: false
17:18:02.785 [FXGL Background Thread 3 ] DEBUG Engine               - isEntityPreloadEnabled: true
17:18:02.785 [FXGL Background Thread 3 ] DEBUG Engine               - isExperimental3D: false
17:18:02.785 [FXGL Background Thread 3 ] DEBUG Engine               - isExperimentalNative: false
17:18:02.785 [FXGL Background Thread 3 ] DEBUG Engine               - isExperimentalTiledLargeMap: false
17:18:02.786 [FXGL Background Thread 3 ] DEBUG Engine               - isFileSystemWriteAllowed: true
17:18:02.786 [FXGL Background Thread 3 ] DEBUG Engine               - isFullScreenAllowed: false
17:18:02.786 [FXGL Background Thread 3 ] DEBUG Engine               - isFullScreenFromStart: false
17:18:02.786 [FXGL Background Thread 3 ] DEBUG Engine               - isGameMenuEnabled: true
17:18:02.787 [FXGL Background Thread 3 ] DEBUG Engine               - isIOS: false
17:18:02.787 [FXGL Background Thread 3 ] DEBUG Engine               - isIntroEnabled: false
17:18:02.787 [FXGL Background Thread 3 ] DEBUG Engine               - isLinux: false
17:18:02.787 [FXGL Background Thread 3 ] DEBUG Engine               - isMac: false
17:18:02.788 [FXGL Background Thread 3 ] DEBUG Engine               - isMainMenuEnabled: true
17:18:02.788 [FXGL Background Thread 3 ] DEBUG Engine               - isManualResizeEnabled: false
17:18:02.788 [FXGL Background Thread 3 ] DEBUG Engine               - isMobile: false
17:18:02.788 [FXGL Background Thread 3 ] DEBUG Engine               - isPreserveResizeRatio: false
17:18:02.789 [FXGL Background Thread 3 ] DEBUG Engine               - isProfilingEnabled: false
17:18:02.790 [FXGL Background Thread 3 ] DEBUG Engine               - isScaleAffectedOnResize: true
17:18:02.790 [FXGL Background Thread 3 ] DEBUG Engine               - isSingleStep: false
17:18:02.790 [FXGL Background Thread 3 ] DEBUG Engine               - isUserProfileEnabled: false
17:18:02.790 [FXGL Background Thread 3 ] DEBUG Engine               - isWindows: true
17:18:02.790 [FXGL Background Thread 3 ] DEBUG Engine               - language: ObjectProperty [value: ENGLISH]
17:18:02.791 [FXGL Background Thread 3 ] DEBUG Engine               - menuKey: ESCAPE
17:18:02.791 [FXGL Background Thread 3 ] DEBUG Engine               - notificationViewClass: class com.almasb.fxgl.notification.view.XboxNotificationView
17:18:02.791 [FXGL Background Thread 3 ] DEBUG Engine               - pixelsPerMeter: 50.0
17:18:02.791 [FXGL Background Thread 3 ] DEBUG Engine               - platform: WINDOWS
17:18:02.791 [FXGL Background Thread 3 ] DEBUG Engine               - prefHeightProperty: ReadOnlyDoubleProperty [value: 700.0]
17:18:02.792 [FXGL Background Thread 3 ] DEBUG Engine               - prefWidthProperty: ReadOnlyDoubleProperty [value: 1015.0]
17:18:02.792 [FXGL Background Thread 3 ] DEBUG Engine               - profileDir: profiles/
17:18:02.792 [FXGL Background Thread 3 ] DEBUG Engine               - profileName: StringProperty [value: DEFAULT]
17:18:02.793 [FXGL Background Thread 3 ] DEBUG Engine               - randomSeed: -1
17:18:02.793 [FXGL Background Thread 3 ] DEBUG Engine               - runtimeInfo: RuntimeInfo(platform=WINDOWS, version=11.12, build=11.12.2020 08.51)
17:18:02.793 [FXGL Background Thread 3 ] DEBUG Engine               - saveFileExt: sav
17:18:02.793 [FXGL Background Thread 3 ] DEBUG Engine               - scaledHeightProp$fxgl: DoubleProperty [bound, value: 700.0]
17:18:02.794 [FXGL Background Thread 3 ] DEBUG Engine               - scaledWidthProp$fxgl: DoubleProperty [bound, value: 1015.0]
17:18:02.794 [FXGL Background Thread 3 ] DEBUG Engine               - sceneFactory: TowerDefense$1@3fb65f32
17:18:02.794 [FXGL Background Thread 3 ] DEBUG Engine               - secondsIn24h: 60
17:18:02.794 [FXGL Background Thread 3 ] DEBUG Engine               - soundMenuBack: menu/back.wav
17:18:02.794 [FXGL Background Thread 3 ] DEBUG Engine               - soundMenuPress: menu/press.wav
17:18:02.795 [FXGL Background Thread 3 ] DEBUG Engine               - soundMenuSelect: menu/select.wav
17:18:02.795 [FXGL Background Thread 3 ] DEBUG Engine               - soundNotification: core/notification.wav
17:18:02.795 [FXGL Background Thread 3 ] DEBUG Engine               - stageStyle: DECORATED
17:18:02.795 [FXGL Background Thread 3 ] DEBUG Engine               - supportedLanguages: [ENGLISH, FRENCH, GERMAN, HUNGARIAN, RUSSIAN]
17:18:02.796 [FXGL Background Thread 3 ] DEBUG Engine               - title: Tower Defense
17:18:02.796 [FXGL Background Thread 3 ] DEBUG Engine               - urlGithub: https://github.com/AlmasB/FXGL
17:18:02.796 [FXGL Background Thread 3 ] DEBUG Engine               - urlLeaderboard: http://fxgl-top.herokuapp.com/
17:18:02.796 [FXGL Background Thread 3 ] DEBUG Engine               - urlPOM: https://raw.githubusercontent.com/AlmasB/FXGL/master/README.md
17:18:02.796 [FXGL Background Thread 3 ] DEBUG Engine               - version: 0.0
17:18:02.796 [FXGL Background Thread 3 ] DEBUG Engine               - versionCheckDays: 7
17:18:02.796 [FXGL Background Thread 3 ] DEBUG Engine               - width: 1015
17:18:02.797 [FXGL Background Thread 3 ] DEBUG Engine               - Logging services
17:18:02.797 [FXGL Background Thread 3 ] DEBUG Engine               - class com.almasb.fxgl.app.FXGLApplication$GameApplicationService
17:18:02.797 [FXGL Background Thread 3 ] DEBUG Engine               - class com.almasb.fxgl.app.services.FXGLDialogService
17:18:02.797 [FXGL Background Thread 3 ] DEBUG Engine               - class com.almasb.fxgl.app.services.IOTaskExecutorService
17:18:02.797 [FXGL Background Thread 3 ] DEBUG Engine               - class com.almasb.fxgl.event.EventBusService
17:18:02.797 [FXGL Background Thread 3 ] DEBUG Engine               - class com.almasb.fxgl.io.FileSystemService
17:18:02.797 [FXGL Background Thread 3 ] DEBUG Engine               - class com.almasb.fxgl.localization.LocalizationService
17:18:02.798 [FXGL Background Thread 3 ] DEBUG Engine               - class com.almasb.fxgl.app.services.FXGLAssetLoaderService
17:18:02.798 [FXGL Background Thread 3 ] DEBUG Engine               - class com.almasb.fxgl.app.services.SystemBundleService
17:18:02.798 [FXGL Background Thread 3 ] DEBUG Engine               - class com.almasb.fxgl.profile.SaveLoadService
17:18:02.798 [FXGL Background Thread 3 ] DEBUG Engine               - class com.almasb.fxgl.ui.FXGLUIFactoryServiceProvider
17:18:02.798 [FXGL Background Thread 3 ] DEBUG Engine               - class com.almasb.fxgl.ui.FXGLDialogFactoryServiceProvider
17:18:02.799 [FXGL Background Thread 3 ] DEBUG Engine               - class com.almasb.fxgl.audio.AudioPlayer
17:18:02.799 [FXGL Background Thread 3 ] DEBUG Engine               - class com.almasb.fxgl.notification.impl.NotificationServiceProvider
17:18:02.799 [FXGL Background Thread 3 ] DEBUG Engine               - class com.almasb.fxgl.achievement.AchievementService
17:18:02.799 [FXGL Background Thread 3 ] DEBUG Engine               - class com.almasb.fxgl.cutscene.CutsceneService
17:18:02.800 [FXGL Background Thread 3 ] DEBUG Engine               - class com.almasb.fxgl.minigames.MiniGameService
17:18:02.800 [FXGL Background Thread 3 ] DEBUG Engine               - class com.almasb.fxgl.net.NetService
17:18:02.800 [FXGL Background Thread 3 ] DEBUG Engine               - class com.almasb.fxgl.app.services.UpdaterService
17:18:02.801 [FXGL Background Thread 3 ] DEBUG Engine               - class com.almasb.fxgl.dev.DevService
17:18:09.156 [JavaFX Application Thread] DEBUG Menu                 - fireNewGame()
17:18:09.157 [JavaFX Application Thread] DEBUG GameApplicationServi - Starting new game
17:18:09.159 [JavaFX Application Thread] DEBUG MainWindow           - Pop state: ConfigScreen
17:18:09.159 [JavaFX Application Thread] DEBUG Input                - Clearing active input actions
17:18:09.161 [JavaFX Application Thread] DEBUG GameApplicationServi - Removing overlay from ConfigScreen and adding to WelcomeMenu
17:18:09.161 [JavaFX Application Thread] DEBUG MainWindow           - WelcomeMenu <- ConfigScreen
17:18:09.162 [JavaFX Application Thread] DEBUG MainWindow           - Pop state: WelcomeMenu
17:18:09.162 [JavaFX Application Thread] DEBUG Input                - Clearing active input actions
17:18:09.162 [JavaFX Application Thread] DEBUG GameApplicationServi - Removing overlay from WelcomeMenu and adding to FXGLMainMenuDummyScene
17:18:09.163 [JavaFX Application Thread] DEBUG MainWindow           - FXGLMainMenuDummyScene <- WelcomeMenu
17:18:09.163 [JavaFX Application Thread] DEBUG Input                - Clearing active input actions
17:18:09.177 [JavaFX Application Thread] DEBUG GameApplicationServi - Removing overlay from FXGLMainMenuDummyScene and adding to FXGLLoadingScene
17:18:09.178 [JavaFX Application Thread] DEBUG MainWindow           - FXGLMainMenuDummyScene -> FXGLLoadingScene
17:18:09.178 [JavaFX Application Thread] DEBUG GameApplicationServi - Clearing previous game
17:18:09.178 [JavaFX Application Thread] DEBUG GameScene            - Clearing game scene
17:18:09.178 [JavaFX Application Thread] DEBUG GameWorld            - Clearing game world
17:18:09.178 [JavaFX Application Thread] DEBUG PhysicsWorld         - Clearing physics world
17:18:09.182 [FXGL Background Thread 2 ] DEBUG FXGLApplication      - Initializing game
17:18:09.196 [FXGL Background Thread 2 ] DEBUG FXGLAssetLoaderServi - Loading from file system: /assets/textures/Map2.png
17:18:09.330 [FXGL Background Thread 2 ] DEBUG FXGLAssetLoaderServi - Loading from file system: /assets/textures/TechTower.jpg
17:18:09.356 [FXGL Background Thread 2 ] INFO  FXGLApplication      - Game initialization took: 0.174 sec
17:18:09.373 [JavaFX Application Thread] DEBUG Input                - Clearing active input actions
17:18:09.389 [JavaFX Application Thread] DEBUG GameApplicationServi - Removing overlay from FXGLLoadingScene and adding to GameScene
17:18:09.389 [JavaFX Application Thread] DEBUG MainWindow           - FXGLLoadingScene -> GameScene
17:18:16.315 [JavaFX Application Thread] DEBUG FXGLApplication      - Exiting FXGL
17:18:16.315 [JavaFX Application Thread] DEBUG LoopRunner           - Stopping loop
17:18:16.316 [JavaFX Application Thread] DEBUG SystemBundleService  - Saving FXGL system data
17:18:16.320 [JavaFX Application Thread] DEBUG FileSystemAccess     - Writing to: C:\Users\Tanner Price\Documents\M2\system\fxgl.bundle
17:18:16.323 [JavaFX Application Thread] DEBUG Async                - Shutting down background threads
17:18:16.324 [JavaFX Application Thread] DEBUG MainWindow           - Closing main window
17:18:16.389 [JavaFX Application Thread] DEBUG Logger               - Closing Logger
