17:07:32.575 [main                     ] DEBUG Logger               - Configured Logger
17:07:32.590 [main                     ] DEBUG GameApplication      - Logging settings
Title: Tower Defense
Version: 0.0
Width: 1015
Height: 700
Fullscreen: false
Intro: false
Profiling: false
Single step:false
App Mode: DEVELOPER
Menu Key: ESCAPE
Stage Style: DECORATED
Scene Factory: class TowerDefense$1

17:07:33.290 [JavaFX Application Thread] DEBUG FXGLApplication      - Initializing FXGL
17:07:33.293 [JavaFX Application Thread] INFO  Engine               - FXGL-11.12 (11.12.2020 08.51) on WINDOWS (J:17 FX:15)
17:07:33.293 [JavaFX Application Thread] DEBUG Engine               - JRE Vendor Name: Oracle Corporation
17:07:33.294 [JavaFX Application Thread] DEBUG Engine               - Running on OS: Windows 10 version 10.0
17:07:33.294 [JavaFX Application Thread] DEBUG Engine               - Architecture: amd64
17:07:33.294 [JavaFX Application Thread] INFO  Engine               - Source code and latest versions at: https://github.com/AlmasB/FXGL
17:07:33.294 [JavaFX Application Thread] INFO  Engine               -              Join the FXGL chat at: https://gitter.im/AlmasB/FXGL
17:07:33.490 [JavaFX Application Thread] DEBUG MainWindow           - Creating a JavaFX scene
17:07:33.579 [JavaFX Application Thread] DEBUG MainWindow           - Target settings size: 1015.0 x 700.0
17:07:33.579 [JavaFX Application Thread] DEBUG MainWindow           - Scaled scene size:    1015.0 x 700.0
17:07:33.580 [JavaFX Application Thread] DEBUG MainWindow           - Scaled ratio: (1.0, 1.0)
17:07:33.581 [JavaFX Application Thread] DEBUG MainWindow           - Set initial scene to StartupScene
17:07:33.594 [JavaFX Application Thread] DEBUG MainWindow           - Opening main window
17:07:33.731 [JavaFX Application Thread] DEBUG MainWindow           - Window border size: (13.0, 35.5)
17:07:33.732 [JavaFX Application Thread] DEBUG MainWindow           - Scaled size: 1015.0 x 700.0
17:07:33.732 [JavaFX Application Thread] DEBUG MainWindow           - Scaled ratio: (1.0, 1.0)
17:07:33.733 [JavaFX Application Thread] DEBUG MainWindow           - Scene size: 1015.0 x 700.0
17:07:33.733 [JavaFX Application Thread] DEBUG MainWindow           - Stage size: 1028.0 x 735.5
17:07:33.753 [FXGL Background Thread 1 ] DEBUG Engine               - Initializing environment variables
17:07:33.834 [FXGL Background Thread 1 ] DEBUG GameApplicationServi - Applying CSS: fxgl_dark.css
17:07:33.836 [FXGL Background Thread 1 ] DEBUG FXGLAssetLoaderServi - Loading from file system: /assets/ui/css/fxgl_dark.css
17:07:33.972 [FXGL Background Thread 1 ] DEBUG GameApplicationServi - Initializing application scenes
17:07:34.078 [FXGL Background Thread 1 ] DEBUG GameWorld            - Game world initialized
17:07:34.201 [FXGL Background Thread 1 ] DEBUG PhysicsWorld         - Physics world initialized: appHeight=700, physics.ppm=50.0
17:07:34.204 [FXGL Background Thread 1 ] DEBUG GameScene            - Game scene initialized: 1015x700
17:07:34.271 [FXGL Background Thread 1 ] DEBUG GameApplicationServi - Application scenes initialized
17:07:34.289 [FXGL Background Thread 1 ] DEBUG SystemBundleService  - Loading FXGL system data
17:07:34.302 [FXGL Background Thread 1 ] DEBUG FileSystemAccess     - Reading from: C:\Users\Tanner Price\Documents\M2\system\fxgl.bundle
17:07:34.311 [FXGL Background Thread 1 ] DEBUG SystemBundleService  - Bundle FXGL: {}
17:07:34.311 [FXGL Background Thread 1 ] DEBUG UpdaterService       - Checking for updates
17:07:34.318 [FXGL Background Thread 4 ] DEBUG FXGLApplication      - Loading fonts
17:07:34.318 [FXGL Background Thread 4 ] DEBUG FXGLAssetLoaderServi - Loading from file system: /assets/ui/fonts/VarelaRound-Regular.ttf
17:07:34.319 [FXGL Background Thread 1 ] DEBUG FXGLApplication      - Loading default localization
17:07:34.319 [FXGL Background Thread 1 ] DEBUG FXGLAssetLoaderServi - Loading from file system: /assets/languages/english.lang
17:07:34.351 [FXGL Background Thread 1 ] INFO  FXGLApplication      - FXGL initialization took: 0.598 sec
17:07:34.352 [JavaFX Application Thread] DEBUG FXGLAssetLoaderServi - Loading from file system: /assets/textures/fxgl_icon.png
17:07:34.435 [JavaFX Application Thread] DEBUG FXGLAssetLoaderServi - Loading from file system: /assets/ui/cursors/fxgl_default.png
17:07:34.441 [FXGL Background Thread 4 ] DEBUG FXGLAssetLoaderServi - Loading from file system: /assets/ui/fonts/Abel-Regular.ttf
17:07:34.461 [JavaFX Application Thread] DEBUG Input                - Registered new binding: Screenshot - P
17:07:34.463 [FXGL Background Thread 4 ] DEBUG FXGLAssetLoaderServi - Loading from file system: /assets/ui/fonts/lucida_console.ttf
17:07:34.463 [JavaFX Application Thread] DEBUG Input                - Registered new binding: System info dump - CTRL+9
17:07:34.464 [JavaFX Application Thread] DEBUG Input                - Registered new binding: Restart - CTRL+R
17:07:34.466 [JavaFX Application Thread] DEBUG Input                - Registered new binding: Toggle Debug Camera - CTRL+C
17:07:34.472 [JavaFX Application Thread] DEBUG LoopRunner           - Starting loop
17:07:34.477 [JavaFX Application Thread] DEBUG Input                - Clearing active input actions
17:07:34.501 [JavaFX Application Thread] DEBUG GameApplicationServi - Removing overlay from StartupScene and adding to FXGLMainMenuDummyScene
17:07:34.501 [JavaFX Application Thread] DEBUG MainWindow           - StartupScene -> FXGLMainMenuDummyScene
17:07:34.502 [JavaFX Application Thread] DEBUG MainWindow           - Push state: WelcomeMenu
17:07:34.502 [JavaFX Application Thread] DEBUG Input                - Clearing active input actions
17:07:34.510 [JavaFX Application Thread] DEBUG GameApplicationServi - Removing overlay from FXGLMainMenuDummyScene and adding to WelcomeMenu
17:07:34.511 [JavaFX Application Thread] DEBUG MainWindow           - FXGLMainMenuDummyScene -> WelcomeMenu
17:07:34.515 [FXGL Background Thread 4 ] DEBUG FXGLAssetLoaderServi - Loading from file system: /assets/ui/fonts/Courier-Prime.ttf
17:07:34.575 [JavaFX Application Thread] DEBUG FXGLApplication      - Registering font factories with UI factory
17:07:35.460 [FXGL Background Thread 2 ] INFO  UpdaterService       - Your current version:  11.12
17:07:35.461 [FXGL Background Thread 2 ] INFO  UpdaterService       - Latest stable version: 11.17
17:07:36.004 [JavaFX Application Thread] DEBUG MainWindow           - Push state: ConfigScreen
17:07:36.005 [JavaFX Application Thread] DEBUG Input                - Clearing active input actions
17:07:36.019 [JavaFX Application Thread] DEBUG GameApplicationServi - Removing overlay from WelcomeMenu and adding to ConfigScreen
17:07:36.020 [JavaFX Application Thread] DEBUG MainWindow           - WelcomeMenu -> ConfigScreen
17:07:37.318 [FXGL Background Thread 3 ] DEBUG Engine               - Logging environment variables
17:07:37.319 [FXGL Background Thread 3 ] DEBUG Engine               - achievements: []
17:07:37.320 [FXGL Background Thread 3 ] DEBUG Engine               - actualHeight: 700.0
17:07:37.320 [FXGL Background Thread 3 ] DEBUG Engine               - actualHeightProperty: ReadOnlyDoubleProperty [value: 700.0]
17:07:37.321 [FXGL Background Thread 3 ] DEBUG Engine               - actualWidth: 1015.0
17:07:37.321 [FXGL Background Thread 3 ] DEBUG Engine               - actualWidthProperty: ReadOnlyDoubleProperty [value: 1015.0]
17:07:37.321 [FXGL Background Thread 3 ] DEBUG Engine               - appIcon: fxgl_icon.png
17:07:37.321 [FXGL Background Thread 3 ] DEBUG Engine               - applicationMode: DEVELOPER
17:07:37.322 [FXGL Background Thread 3 ] DEBUG Engine               - cSSList: [fxgl_dark.css]
17:07:37.322 [FXGL Background Thread 3 ] DEBUG Engine               - configClass: Optional.empty
17:07:37.322 [FXGL Background Thread 3 ] DEBUG Engine               - credits: []
17:07:37.323 [FXGL Background Thread 3 ] DEBUG Engine               - devBBoxColorProperty: ObjectProperty [value: 0xff0000ff]
17:07:37.323 [FXGL Background Thread 3 ] DEBUG Engine               - devEnableDebugCameraProperty: BooleanProperty [value: false]
17:07:37.324 [FXGL Background Thread 3 ] DEBUG Engine               - devSensorColorProperty: ObjectProperty [value: 0xffff00ff]
17:07:37.324 [FXGL Background Thread 3 ] DEBUG Engine               - devShowBBoxProperty: BooleanProperty [value: false]
17:07:37.325 [FXGL Background Thread 3 ] DEBUG Engine               - devShowPositionProperty: BooleanProperty [value: false]
17:07:37.325 [FXGL Background Thread 3 ] DEBUG Engine               - enabledMenuItems: []
17:07:37.325 [FXGL Background Thread 3 ] DEBUG Engine               - engineServices: [class com.almasb.fxgl.app.FXGLApplication$GameApplicationService, class com.almasb.fxgl.app.services.FXGLDialogService, class com.almasb.fxgl.app.services.IOTaskExecutorService, class com.almasb.fxgl.event.EventBusService, class com.almasb.fxgl.io.FileSystemService, class com.almasb.fxgl.localization.LocalizationService, class com.almasb.fxgl.app.services.FXGLAssetLoaderService, class com.almasb.fxgl.app.services.SystemBundleService, class com.almasb.fxgl.profile.SaveLoadService, class com.almasb.fxgl.ui.FXGLUIFactoryServiceProvider, class com.almasb.fxgl.ui.FXGLDialogFactoryServiceProvider, class com.almasb.fxgl.audio.AudioPlayer, class com.almasb.fxgl.notification.impl.NotificationServiceProvider, class com.almasb.fxgl.achievement.AchievementService, class com.almasb.fxgl.cutscene.CutsceneService, class com.almasb.fxgl.minigames.MiniGameService, class com.almasb.fxgl.net.NetService, class com.almasb.fxgl.app.services.UpdaterService, class com.almasb.fxgl.dev.DevService]
17:07:37.326 [FXGL Background Thread 3 ] DEBUG Engine               - fontGame: Abel-Regular.ttf
17:07:37.326 [FXGL Background Thread 3 ] DEBUG Engine               - fontMono: lucida_console.ttf
17:07:37.326 [FXGL Background Thread 3 ] DEBUG Engine               - fontText: Courier-Prime.ttf
17:07:37.327 [FXGL Background Thread 3 ] DEBUG Engine               - fontUI: VarelaRound-Regular.ttf
17:07:37.327 [FXGL Background Thread 3 ] DEBUG Engine               - fullScreen: BooleanProperty [value: false]
17:07:37.328 [FXGL Background Thread 3 ] DEBUG Engine               - gameDifficulty: MEDIUM
17:07:37.328 [FXGL Background Thread 3 ] DEBUG Engine               - gameDifficultyProperty: ObjectProperty [value: MEDIUM]
17:07:37.329 [FXGL Background Thread 3 ] DEBUG Engine               - globalMusicVolume: 0.5
17:07:37.329 [FXGL Background Thread 3 ] DEBUG Engine               - globalMusicVolumeProperty: DoubleProperty [value: 0.5]
17:07:37.329 [FXGL Background Thread 3 ] DEBUG Engine               - globalSoundVolume: 0.5
17:07:37.329 [FXGL Background Thread 3 ] DEBUG Engine               - globalSoundVolumeProperty: DoubleProperty [value: 0.5]
17:07:37.330 [FXGL Background Thread 3 ] DEBUG Engine               - height: 700
17:07:37.330 [FXGL Background Thread 3 ] DEBUG Engine               - isAndroid: false
17:07:37.330 [FXGL Background Thread 3 ] DEBUG Engine               - isBrowser: false
17:07:37.330 [FXGL Background Thread 3 ] DEBUG Engine               - isClickFeedbackEnabled: false
17:07:37.331 [FXGL Background Thread 3 ] DEBUG Engine               - isCloseConfirmation: false
17:07:37.331 [FXGL Background Thread 3 ] DEBUG Engine               - isDesktop: true
17:07:37.332 [FXGL Background Thread 3 ] DEBUG Engine               - isDeveloperMenuEnabled: false
17:07:37.332 [FXGL Background Thread 3 ] DEBUG Engine               - isEntityPreloadEnabled: true
17:07:37.332 [FXGL Background Thread 3 ] DEBUG Engine               - isExperimental3D: false
17:07:37.333 [FXGL Background Thread 3 ] DEBUG Engine               - isExperimentalNative: false
17:07:37.333 [FXGL Background Thread 3 ] DEBUG Engine               - isExperimentalTiledLargeMap: false
17:07:37.333 [FXGL Background Thread 3 ] DEBUG Engine               - isFileSystemWriteAllowed: true
17:07:37.333 [FXGL Background Thread 3 ] DEBUG Engine               - isFullScreenAllowed: false
17:07:37.334 [FXGL Background Thread 3 ] DEBUG Engine               - isFullScreenFromStart: false
17:07:37.334 [FXGL Background Thread 3 ] DEBUG Engine               - isGameMenuEnabled: true
17:07:37.334 [FXGL Background Thread 3 ] DEBUG Engine               - isIOS: false
17:07:37.335 [FXGL Background Thread 3 ] DEBUG Engine               - isIntroEnabled: false
17:07:37.335 [FXGL Background Thread 3 ] DEBUG Engine               - isLinux: false
17:07:37.335 [FXGL Background Thread 3 ] DEBUG Engine               - isMac: false
17:07:37.335 [FXGL Background Thread 3 ] DEBUG Engine               - isMainMenuEnabled: true
17:07:37.336 [FXGL Background Thread 3 ] DEBUG Engine               - isManualResizeEnabled: false
17:07:37.336 [FXGL Background Thread 3 ] DEBUG Engine               - isMobile: false
17:07:37.336 [FXGL Background Thread 3 ] DEBUG Engine               - isPreserveResizeRatio: false
17:07:37.337 [FXGL Background Thread 3 ] DEBUG Engine               - isProfilingEnabled: false
17:07:37.337 [FXGL Background Thread 3 ] DEBUG Engine               - isScaleAffectedOnResize: true
17:07:37.337 [FXGL Background Thread 3 ] DEBUG Engine               - isSingleStep: false
17:07:37.337 [FXGL Background Thread 3 ] DEBUG Engine               - isUserProfileEnabled: false
17:07:37.337 [FXGL Background Thread 3 ] DEBUG Engine               - isWindows: true
17:07:37.337 [FXGL Background Thread 3 ] DEBUG Engine               - language: ObjectProperty [value: ENGLISH]
17:07:37.337 [FXGL Background Thread 3 ] DEBUG Engine               - menuKey: ESCAPE
17:07:37.337 [FXGL Background Thread 3 ] DEBUG Engine               - notificationViewClass: class com.almasb.fxgl.notification.view.XboxNotificationView
17:07:37.338 [FXGL Background Thread 3 ] DEBUG Engine               - pixelsPerMeter: 50.0
17:07:37.338 [FXGL Background Thread 3 ] DEBUG Engine               - platform: WINDOWS
17:07:37.338 [FXGL Background Thread 3 ] DEBUG Engine               - prefHeightProperty: ReadOnlyDoubleProperty [value: 700.0]
17:07:37.338 [FXGL Background Thread 3 ] DEBUG Engine               - prefWidthProperty: ReadOnlyDoubleProperty [value: 1015.0]
17:07:37.338 [FXGL Background Thread 3 ] DEBUG Engine               - profileDir: profiles/
17:07:37.338 [FXGL Background Thread 3 ] DEBUG Engine               - profileName: StringProperty [value: DEFAULT]
17:07:37.339 [FXGL Background Thread 3 ] DEBUG Engine               - randomSeed: -1
17:07:37.339 [FXGL Background Thread 3 ] DEBUG Engine               - runtimeInfo: RuntimeInfo(platform=WINDOWS, version=11.12, build=11.12.2020 08.51)
17:07:37.339 [FXGL Background Thread 3 ] DEBUG Engine               - saveFileExt: sav
17:07:37.339 [FXGL Background Thread 3 ] DEBUG Engine               - scaledHeightProp$fxgl: DoubleProperty [bound, value: 700.0]
17:07:37.340 [FXGL Background Thread 3 ] DEBUG Engine               - scaledWidthProp$fxgl: DoubleProperty [bound, value: 1015.0]
17:07:37.340 [FXGL Background Thread 3 ] DEBUG Engine               - sceneFactory: TowerDefense$1@3fb16283
17:07:37.340 [FXGL Background Thread 3 ] DEBUG Engine               - secondsIn24h: 60
17:07:37.340 [FXGL Background Thread 3 ] DEBUG Engine               - soundMenuBack: menu/back.wav
17:07:37.340 [FXGL Background Thread 3 ] DEBUG Engine               - soundMenuPress: menu/press.wav
17:07:37.340 [FXGL Background Thread 3 ] DEBUG Engine               - soundMenuSelect: menu/select.wav
17:07:37.341 [FXGL Background Thread 3 ] DEBUG Engine               - soundNotification: core/notification.wav
17:07:37.341 [FXGL Background Thread 3 ] DEBUG Engine               - stageStyle: DECORATED
17:07:37.341 [FXGL Background Thread 3 ] DEBUG Engine               - supportedLanguages: [ENGLISH, FRENCH, GERMAN, HUNGARIAN, RUSSIAN]
17:07:37.341 [FXGL Background Thread 3 ] DEBUG Engine               - title: Tower Defense
17:07:37.341 [FXGL Background Thread 3 ] DEBUG Engine               - urlGithub: https://github.com/AlmasB/FXGL
17:07:37.341 [FXGL Background Thread 3 ] DEBUG Engine               - urlLeaderboard: http://fxgl-top.herokuapp.com/
17:07:37.342 [FXGL Background Thread 3 ] DEBUG Engine               - urlPOM: https://raw.githubusercontent.com/AlmasB/FXGL/master/README.md
17:07:37.342 [FXGL Background Thread 3 ] DEBUG Engine               - version: 0.0
17:07:37.342 [FXGL Background Thread 3 ] DEBUG Engine               - versionCheckDays: 7
17:07:37.342 [FXGL Background Thread 3 ] DEBUG Engine               - width: 1015
17:07:37.342 [FXGL Background Thread 3 ] DEBUG Engine               - Logging services
17:07:37.342 [FXGL Background Thread 3 ] DEBUG Engine               - class com.almasb.fxgl.app.FXGLApplication$GameApplicationService
17:07:37.342 [FXGL Background Thread 3 ] DEBUG Engine               - class com.almasb.fxgl.app.services.FXGLDialogService
17:07:37.342 [FXGL Background Thread 3 ] DEBUG Engine               - class com.almasb.fxgl.app.services.IOTaskExecutorService
17:07:37.343 [FXGL Background Thread 3 ] DEBUG Engine               - class com.almasb.fxgl.event.EventBusService
17:07:37.343 [FXGL Background Thread 3 ] DEBUG Engine               - class com.almasb.fxgl.io.FileSystemService
17:07:37.343 [FXGL Background Thread 3 ] DEBUG Engine               - class com.almasb.fxgl.localization.LocalizationService
17:07:37.343 [FXGL Background Thread 3 ] DEBUG Engine               - class com.almasb.fxgl.app.services.FXGLAssetLoaderService
17:07:37.343 [FXGL Background Thread 3 ] DEBUG Engine               - class com.almasb.fxgl.app.services.SystemBundleService
17:07:37.343 [FXGL Background Thread 3 ] DEBUG Engine               - class com.almasb.fxgl.profile.SaveLoadService
17:07:37.343 [FXGL Background Thread 3 ] DEBUG Engine               - class com.almasb.fxgl.ui.FXGLUIFactoryServiceProvider
17:07:37.344 [FXGL Background Thread 3 ] DEBUG Engine               - class com.almasb.fxgl.ui.FXGLDialogFactoryServiceProvider
17:07:37.344 [FXGL Background Thread 3 ] DEBUG Engine               - class com.almasb.fxgl.audio.AudioPlayer
17:07:37.344 [FXGL Background Thread 3 ] DEBUG Engine               - class com.almasb.fxgl.notification.impl.NotificationServiceProvider
17:07:37.344 [FXGL Background Thread 3 ] DEBUG Engine               - class com.almasb.fxgl.achievement.AchievementService
17:07:37.344 [FXGL Background Thread 3 ] DEBUG Engine               - class com.almasb.fxgl.cutscene.CutsceneService
17:07:37.345 [FXGL Background Thread 3 ] DEBUG Engine               - class com.almasb.fxgl.minigames.MiniGameService
17:07:37.345 [FXGL Background Thread 3 ] DEBUG Engine               - class com.almasb.fxgl.net.NetService
17:07:37.345 [FXGL Background Thread 3 ] DEBUG Engine               - class com.almasb.fxgl.app.services.UpdaterService
17:07:37.345 [FXGL Background Thread 3 ] DEBUG Engine               - class com.almasb.fxgl.dev.DevService
17:07:43.000 [JavaFX Application Thread] DEBUG FXGLAssetLoaderServi - Loading from file system: /assets/textures/Map2.png
17:07:43.053 [JavaFX Application Thread] DEBUG FXGLAssetLoaderServi - Loading from file system: /assets/textures/TechTower.jpg
17:07:44.718 [JavaFX Application Thread] DEBUG FXGLAssetLoaderServi - Loading from cache: /assets/textures/Map2.png
17:07:44.721 [JavaFX Application Thread] DEBUG FXGLAssetLoaderServi - Loading from cache: /assets/textures/TechTower.jpg
17:07:46.073 [JavaFX Application Thread] DEBUG FXGLAssetLoaderServi - Loading from cache: /assets/textures/Map2.png
17:07:46.075 [JavaFX Application Thread] DEBUG FXGLAssetLoaderServi - Loading from cache: /assets/textures/TechTower.jpg
17:07:47.578 [JavaFX Application Thread] DEBUG FXGLAssetLoaderServi - Loading from cache: /assets/textures/Map2.png
17:07:47.580 [JavaFX Application Thread] DEBUG FXGLAssetLoaderServi - Loading from cache: /assets/textures/TechTower.jpg
17:07:48.760 [JavaFX Application Thread] DEBUG FXGLApplication      - Exiting FXGL
17:07:48.761 [JavaFX Application Thread] DEBUG LoopRunner           - Stopping loop
17:07:48.761 [JavaFX Application Thread] DEBUG SystemBundleService  - Saving FXGL system data
17:07:48.765 [JavaFX Application Thread] DEBUG FileSystemAccess     - Writing to: C:\Users\Tanner Price\Documents\M2\system\fxgl.bundle
17:07:48.770 [JavaFX Application Thread] DEBUG Async                - Shutting down background threads
17:07:48.770 [JavaFX Application Thread] DEBUG MainWindow           - Closing main window
17:07:48.814 [JavaFX Application Thread] DEBUG Logger               - Closing Logger
