17:11:43.936 [main                     ] DEBUG Logger               - Configured Logger
17:11:43.952 [main                     ] DEBUG GameApplication      - Logging settings
Title: Tower Defense
Version: 0.0
Width: 1015
Height: 700
Fullscreen: false
Intro: false
Profiling: false
Single step:false
App Mode: DEVELOPER
Menu Key: ESCAPE
Stage Style: DECORATED
Scene Factory: class TowerDefense$1

17:11:44.644 [JavaFX Application Thread] DEBUG FXGLApplication      - Initializing FXGL
17:11:44.647 [JavaFX Application Thread] INFO  Engine               - FXGL-11.12 (11.12.2020 08.51) on WINDOWS (J:17 FX:15)
17:11:44.647 [JavaFX Application Thread] DEBUG Engine               - JRE Vendor Name: Oracle Corporation
17:11:44.648 [JavaFX Application Thread] DEBUG Engine               - Running on OS: Windows 10 version 10.0
17:11:44.648 [JavaFX Application Thread] DEBUG Engine               - Architecture: amd64
17:11:44.648 [JavaFX Application Thread] INFO  Engine               - Source code and latest versions at: https://github.com/AlmasB/FXGL
17:11:44.648 [JavaFX Application Thread] INFO  Engine               -              Join the FXGL chat at: https://gitter.im/AlmasB/FXGL
17:11:44.846 [JavaFX Application Thread] DEBUG MainWindow           - Creating a JavaFX scene
17:11:44.939 [JavaFX Application Thread] DEBUG MainWindow           - Target settings size: 1015.0 x 700.0
17:11:44.940 [JavaFX Application Thread] DEBUG MainWindow           - Scaled scene size:    1015.0 x 700.0
17:11:44.940 [JavaFX Application Thread] DEBUG MainWindow           - Scaled ratio: (1.0, 1.0)
17:11:44.942 [JavaFX Application Thread] DEBUG MainWindow           - Set initial scene to StartupScene
17:11:44.954 [JavaFX Application Thread] DEBUG MainWindow           - Opening main window
17:11:45.098 [JavaFX Application Thread] DEBUG MainWindow           - Window border size: (13.0, 35.5)
17:11:45.099 [JavaFX Application Thread] DEBUG MainWindow           - Scaled size: 1015.0 x 700.0
17:11:45.099 [JavaFX Application Thread] DEBUG MainWindow           - Scaled ratio: (1.0, 1.0)
17:11:45.100 [JavaFX Application Thread] DEBUG MainWindow           - Scene size: 1015.0 x 700.0
17:11:45.100 [JavaFX Application Thread] DEBUG MainWindow           - Stage size: 1028.0 x 735.5
17:11:45.118 [FXGL Background Thread 1 ] DEBUG Engine               - Initializing environment variables
17:11:45.188 [FXGL Background Thread 1 ] DEBUG GameApplicationServi - Applying CSS: fxgl_dark.css
17:11:45.189 [FXGL Background Thread 1 ] DEBUG FXGLAssetLoaderServi - Loading from file system: /assets/ui/css/fxgl_dark.css
17:11:45.319 [FXGL Background Thread 1 ] DEBUG GameApplicationServi - Initializing application scenes
17:11:45.420 [FXGL Background Thread 1 ] DEBUG GameWorld            - Game world initialized
17:11:45.547 [FXGL Background Thread 1 ] DEBUG PhysicsWorld         - Physics world initialized: appHeight=700, physics.ppm=50.0
17:11:45.551 [FXGL Background Thread 1 ] DEBUG GameScene            - Game scene initialized: 1015x700
17:11:45.610 [FXGL Background Thread 1 ] DEBUG GameApplicationServi - Application scenes initialized
17:11:45.628 [FXGL Background Thread 1 ] DEBUG SystemBundleService  - Loading FXGL system data
17:11:45.635 [FXGL Background Thread 1 ] DEBUG FileSystemAccess     - Reading from: C:\Users\Tanner Price\Documents\M2\system\fxgl.bundle
17:11:45.643 [FXGL Background Thread 1 ] DEBUG SystemBundleService  - Bundle FXGL: {}
17:11:45.643 [FXGL Background Thread 1 ] DEBUG UpdaterService       - Checking for updates
17:11:45.650 [FXGL Background Thread 4 ] DEBUG FXGLApplication      - Loading fonts
17:11:45.650 [FXGL Background Thread 4 ] DEBUG FXGLAssetLoaderServi - Loading from file system: /assets/ui/fonts/VarelaRound-Regular.ttf
17:11:45.651 [FXGL Background Thread 1 ] DEBUG FXGLApplication      - Loading default localization
17:11:45.651 [FXGL Background Thread 1 ] DEBUG FXGLAssetLoaderServi - Loading from file system: /assets/languages/english.lang
17:11:45.683 [FXGL Background Thread 1 ] INFO  FXGLApplication      - FXGL initialization took: 0.565 sec
17:11:45.685 [JavaFX Application Thread] DEBUG FXGLAssetLoaderServi - Loading from file system: /assets/textures/fxgl_icon.png
17:11:45.753 [FXGL Background Thread 4 ] DEBUG FXGLAssetLoaderServi - Loading from file system: /assets/ui/fonts/Abel-Regular.ttf
17:11:45.770 [FXGL Background Thread 4 ] DEBUG FXGLAssetLoaderServi - Loading from file system: /assets/ui/fonts/lucida_console.ttf
17:11:45.773 [JavaFX Application Thread] DEBUG FXGLAssetLoaderServi - Loading from file system: /assets/ui/cursors/fxgl_default.png
17:11:45.798 [FXGL Background Thread 4 ] DEBUG FXGLAssetLoaderServi - Loading from file system: /assets/ui/fonts/Courier-Prime.ttf
17:11:45.803 [JavaFX Application Thread] DEBUG Input                - Registered new binding: Screenshot - P
17:11:45.804 [JavaFX Application Thread] DEBUG Input                - Registered new binding: System info dump - CTRL+9
17:11:45.806 [JavaFX Application Thread] DEBUG Input                - Registered new binding: Restart - CTRL+R
17:11:45.816 [JavaFX Application Thread] DEBUG Input                - Registered new binding: Toggle Debug Camera - CTRL+C
17:11:45.821 [JavaFX Application Thread] DEBUG LoopRunner           - Starting loop
17:11:45.825 [JavaFX Application Thread] DEBUG Input                - Clearing active input actions
17:11:45.838 [JavaFX Application Thread] DEBUG GameApplicationServi - Removing overlay from StartupScene and adding to FXGLMainMenuDummyScene
17:11:45.839 [JavaFX Application Thread] DEBUG MainWindow           - StartupScene -> FXGLMainMenuDummyScene
17:11:45.839 [JavaFX Application Thread] DEBUG MainWindow           - Push state: WelcomeMenu
17:11:45.839 [JavaFX Application Thread] DEBUG Input                - Clearing active input actions
17:11:45.845 [JavaFX Application Thread] DEBUG GameApplicationServi - Removing overlay from FXGLMainMenuDummyScene and adding to WelcomeMenu
17:11:45.846 [JavaFX Application Thread] DEBUG MainWindow           - FXGLMainMenuDummyScene -> WelcomeMenu
17:11:45.867 [JavaFX Application Thread] DEBUG FXGLApplication      - Registering font factories with UI factory
17:11:46.312 [FXGL Background Thread 2 ] INFO  UpdaterService       - Your current version:  11.12
17:11:46.312 [FXGL Background Thread 2 ] INFO  UpdaterService       - Latest stable version: 11.17
17:11:47.239 [JavaFX Application Thread] DEBUG MainWindow           - Push state: ConfigScreen
17:11:47.239 [JavaFX Application Thread] DEBUG Input                - Clearing active input actions
17:11:47.253 [JavaFX Application Thread] DEBUG GameApplicationServi - Removing overlay from WelcomeMenu and adding to ConfigScreen
17:11:47.254 [JavaFX Application Thread] DEBUG MainWindow           - WelcomeMenu -> ConfigScreen
17:11:48.648 [FXGL Background Thread 3 ] DEBUG Engine               - Logging environment variables
17:11:48.649 [FXGL Background Thread 3 ] DEBUG Engine               - achievements: []
17:11:48.649 [FXGL Background Thread 3 ] DEBUG Engine               - actualHeight: 700.0
17:11:48.650 [FXGL Background Thread 3 ] DEBUG Engine               - actualHeightProperty: ReadOnlyDoubleProperty [value: 700.0]
17:11:48.651 [FXGL Background Thread 3 ] DEBUG Engine               - actualWidth: 1015.0
17:11:48.651 [FXGL Background Thread 3 ] DEBUG Engine               - actualWidthProperty: ReadOnlyDoubleProperty [value: 1015.0]
17:11:48.651 [FXGL Background Thread 3 ] DEBUG Engine               - appIcon: fxgl_icon.png
17:11:48.651 [FXGL Background Thread 3 ] DEBUG Engine               - applicationMode: DEVELOPER
17:11:48.652 [FXGL Background Thread 3 ] DEBUG Engine               - cSSList: [fxgl_dark.css]
17:11:48.652 [FXGL Background Thread 3 ] DEBUG Engine               - configClass: Optional.empty
17:11:48.652 [FXGL Background Thread 3 ] DEBUG Engine               - credits: []
17:11:48.653 [FXGL Background Thread 3 ] DEBUG Engine               - devBBoxColorProperty: ObjectProperty [value: 0xff0000ff]
17:11:48.653 [FXGL Background Thread 3 ] DEBUG Engine               - devEnableDebugCameraProperty: BooleanProperty [value: false]
17:11:48.654 [FXGL Background Thread 3 ] DEBUG Engine               - devSensorColorProperty: ObjectProperty [value: 0xffff00ff]
17:11:48.654 [FXGL Background Thread 3 ] DEBUG Engine               - devShowBBoxProperty: BooleanProperty [value: false]
17:11:48.654 [FXGL Background Thread 3 ] DEBUG Engine               - devShowPositionProperty: BooleanProperty [value: false]
17:11:48.654 [FXGL Background Thread 3 ] DEBUG Engine               - enabledMenuItems: []
17:11:48.655 [FXGL Background Thread 3 ] DEBUG Engine               - engineServices: [class com.almasb.fxgl.app.FXGLApplication$GameApplicationService, class com.almasb.fxgl.app.services.FXGLDialogService, class com.almasb.fxgl.app.services.IOTaskExecutorService, class com.almasb.fxgl.event.EventBusService, class com.almasb.fxgl.io.FileSystemService, class com.almasb.fxgl.localization.LocalizationService, class com.almasb.fxgl.app.services.FXGLAssetLoaderService, class com.almasb.fxgl.app.services.SystemBundleService, class com.almasb.fxgl.profile.SaveLoadService, class com.almasb.fxgl.ui.FXGLUIFactoryServiceProvider, class com.almasb.fxgl.ui.FXGLDialogFactoryServiceProvider, class com.almasb.fxgl.audio.AudioPlayer, class com.almasb.fxgl.notification.impl.NotificationServiceProvider, class com.almasb.fxgl.achievement.AchievementService, class com.almasb.fxgl.cutscene.CutsceneService, class com.almasb.fxgl.minigames.MiniGameService, class com.almasb.fxgl.net.NetService, class com.almasb.fxgl.app.services.UpdaterService, class com.almasb.fxgl.dev.DevService]
17:11:48.655 [FXGL Background Thread 3 ] DEBUG Engine               - fontGame: Abel-Regular.ttf
17:11:48.655 [FXGL Background Thread 3 ] DEBUG Engine               - fontMono: lucida_console.ttf
17:11:48.655 [FXGL Background Thread 3 ] DEBUG Engine               - fontText: Courier-Prime.ttf
17:11:48.655 [FXGL Background Thread 3 ] DEBUG Engine               - fontUI: VarelaRound-Regular.ttf
17:11:48.655 [FXGL Background Thread 3 ] DEBUG Engine               - fullScreen: BooleanProperty [value: false]
17:11:48.656 [FXGL Background Thread 3 ] DEBUG Engine               - gameDifficulty: MEDIUM
17:11:48.656 [FXGL Background Thread 3 ] DEBUG Engine               - gameDifficultyProperty: ObjectProperty [value: MEDIUM]
17:11:48.656 [FXGL Background Thread 3 ] DEBUG Engine               - globalMusicVolume: 0.5
17:11:48.656 [FXGL Background Thread 3 ] DEBUG Engine               - globalMusicVolumeProperty: DoubleProperty [value: 0.5]
17:11:48.656 [FXGL Background Thread 3 ] DEBUG Engine               - globalSoundVolume: 0.5
17:11:48.658 [FXGL Background Thread 3 ] DEBUG Engine               - globalSoundVolumeProperty: DoubleProperty [value: 0.5]
17:11:48.658 [FXGL Background Thread 3 ] DEBUG Engine               - height: 700
17:11:48.658 [FXGL Background Thread 3 ] DEBUG Engine               - isAndroid: false
17:11:48.658 [FXGL Background Thread 3 ] DEBUG Engine               - isBrowser: false
17:11:48.658 [FXGL Background Thread 3 ] DEBUG Engine               - isClickFeedbackEnabled: false
17:11:48.658 [FXGL Background Thread 3 ] DEBUG Engine               - isCloseConfirmation: false
17:11:48.659 [FXGL Background Thread 3 ] DEBUG Engine               - isDesktop: true
17:11:48.659 [FXGL Background Thread 3 ] DEBUG Engine               - isDeveloperMenuEnabled: false
17:11:48.659 [FXGL Background Thread 3 ] DEBUG Engine               - isEntityPreloadEnabled: true
17:11:48.659 [FXGL Background Thread 3 ] DEBUG Engine               - isExperimental3D: false
17:11:48.659 [FXGL Background Thread 3 ] DEBUG Engine               - isExperimentalNative: false
17:11:48.659 [FXGL Background Thread 3 ] DEBUG Engine               - isExperimentalTiledLargeMap: false
17:11:48.660 [FXGL Background Thread 3 ] DEBUG Engine               - isFileSystemWriteAllowed: true
17:11:48.660 [FXGL Background Thread 3 ] DEBUG Engine               - isFullScreenAllowed: false
17:11:48.660 [FXGL Background Thread 3 ] DEBUG Engine               - isFullScreenFromStart: false
17:11:48.660 [FXGL Background Thread 3 ] DEBUG Engine               - isGameMenuEnabled: true
17:11:48.660 [FXGL Background Thread 3 ] DEBUG Engine               - isIOS: false
17:11:48.660 [FXGL Background Thread 3 ] DEBUG Engine               - isIntroEnabled: false
17:11:48.660 [FXGL Background Thread 3 ] DEBUG Engine               - isLinux: false
17:11:48.661 [FXGL Background Thread 3 ] DEBUG Engine               - isMac: false
17:11:48.661 [FXGL Background Thread 3 ] DEBUG Engine               - isMainMenuEnabled: true
17:11:48.661 [FXGL Background Thread 3 ] DEBUG Engine               - isManualResizeEnabled: false
17:11:48.661 [FXGL Background Thread 3 ] DEBUG Engine               - isMobile: false
17:11:48.661 [FXGL Background Thread 3 ] DEBUG Engine               - isPreserveResizeRatio: false
17:11:48.661 [FXGL Background Thread 3 ] DEBUG Engine               - isProfilingEnabled: false
17:11:48.661 [FXGL Background Thread 3 ] DEBUG Engine               - isScaleAffectedOnResize: true
17:11:48.661 [FXGL Background Thread 3 ] DEBUG Engine               - isSingleStep: false
17:11:48.663 [FXGL Background Thread 3 ] DEBUG Engine               - isUserProfileEnabled: false
17:11:48.663 [FXGL Background Thread 3 ] DEBUG Engine               - isWindows: true
17:11:48.663 [FXGL Background Thread 3 ] DEBUG Engine               - language: ObjectProperty [value: ENGLISH]
17:11:48.663 [FXGL Background Thread 3 ] DEBUG Engine               - menuKey: ESCAPE
17:11:48.663 [FXGL Background Thread 3 ] DEBUG Engine               - notificationViewClass: class com.almasb.fxgl.notification.view.XboxNotificationView
17:11:48.664 [FXGL Background Thread 3 ] DEBUG Engine               - pixelsPerMeter: 50.0
17:11:48.664 [FXGL Background Thread 3 ] DEBUG Engine               - platform: WINDOWS
17:11:48.664 [FXGL Background Thread 3 ] DEBUG Engine               - prefHeightProperty: ReadOnlyDoubleProperty [value: 700.0]
17:11:48.664 [FXGL Background Thread 3 ] DEBUG Engine               - prefWidthProperty: ReadOnlyDoubleProperty [value: 1015.0]
17:11:48.664 [FXGL Background Thread 3 ] DEBUG Engine               - profileDir: profiles/
17:11:48.664 [FXGL Background Thread 3 ] DEBUG Engine               - profileName: StringProperty [value: DEFAULT]
17:11:48.665 [FXGL Background Thread 3 ] DEBUG Engine               - randomSeed: -1
17:11:48.665 [FXGL Background Thread 3 ] DEBUG Engine               - runtimeInfo: RuntimeInfo(platform=WINDOWS, version=11.12, build=11.12.2020 08.51)
17:11:48.665 [FXGL Background Thread 3 ] DEBUG Engine               - saveFileExt: sav
17:11:48.665 [FXGL Background Thread 3 ] DEBUG Engine               - scaledHeightProp$fxgl: DoubleProperty [bound, value: 700.0]
17:11:48.665 [FXGL Background Thread 3 ] DEBUG Engine               - scaledWidthProp$fxgl: DoubleProperty [bound, value: 1015.0]
17:11:48.665 [FXGL Background Thread 3 ] DEBUG Engine               - sceneFactory: TowerDefense$1@4111ee45
17:11:48.665 [FXGL Background Thread 3 ] DEBUG Engine               - secondsIn24h: 60
17:11:48.666 [FXGL Background Thread 3 ] DEBUG Engine               - soundMenuBack: menu/back.wav
17:11:48.666 [FXGL Background Thread 3 ] DEBUG Engine               - soundMenuPress: menu/press.wav
17:11:48.666 [FXGL Background Thread 3 ] DEBUG Engine               - soundMenuSelect: menu/select.wav
17:11:48.667 [FXGL Background Thread 3 ] DEBUG Engine               - soundNotification: core/notification.wav
17:11:48.667 [FXGL Background Thread 3 ] DEBUG Engine               - stageStyle: DECORATED
17:11:48.667 [FXGL Background Thread 3 ] DEBUG Engine               - supportedLanguages: [ENGLISH, FRENCH, GERMAN, HUNGARIAN, RUSSIAN]
17:11:48.667 [FXGL Background Thread 3 ] DEBUG Engine               - title: Tower Defense
17:11:48.667 [FXGL Background Thread 3 ] DEBUG Engine               - urlGithub: https://github.com/AlmasB/FXGL
17:11:48.667 [FXGL Background Thread 3 ] DEBUG Engine               - urlLeaderboard: http://fxgl-top.herokuapp.com/
17:11:48.667 [FXGL Background Thread 3 ] DEBUG Engine               - urlPOM: https://raw.githubusercontent.com/AlmasB/FXGL/master/README.md
17:11:48.667 [FXGL Background Thread 3 ] DEBUG Engine               - version: 0.0
17:11:48.668 [FXGL Background Thread 3 ] DEBUG Engine               - versionCheckDays: 7
17:11:48.668 [FXGL Background Thread 3 ] DEBUG Engine               - width: 1015
17:11:48.668 [FXGL Background Thread 3 ] DEBUG Engine               - Logging services
17:11:48.668 [FXGL Background Thread 3 ] DEBUG Engine               - class com.almasb.fxgl.app.FXGLApplication$GameApplicationService
17:11:48.668 [FXGL Background Thread 3 ] DEBUG Engine               - class com.almasb.fxgl.app.services.FXGLDialogService
17:11:48.669 [FXGL Background Thread 3 ] DEBUG Engine               - class com.almasb.fxgl.app.services.IOTaskExecutorService
17:11:48.669 [FXGL Background Thread 3 ] DEBUG Engine               - class com.almasb.fxgl.event.EventBusService
17:11:48.669 [FXGL Background Thread 3 ] DEBUG Engine               - class com.almasb.fxgl.io.FileSystemService
17:11:48.669 [FXGL Background Thread 3 ] DEBUG Engine               - class com.almasb.fxgl.localization.LocalizationService
17:11:48.669 [FXGL Background Thread 3 ] DEBUG Engine               - class com.almasb.fxgl.app.services.FXGLAssetLoaderService
17:11:48.669 [FXGL Background Thread 3 ] DEBUG Engine               - class com.almasb.fxgl.app.services.SystemBundleService
17:11:48.669 [FXGL Background Thread 3 ] DEBUG Engine               - class com.almasb.fxgl.profile.SaveLoadService
17:11:48.670 [FXGL Background Thread 3 ] DEBUG Engine               - class com.almasb.fxgl.ui.FXGLUIFactoryServiceProvider
17:11:48.670 [FXGL Background Thread 3 ] DEBUG Engine               - class com.almasb.fxgl.ui.FXGLDialogFactoryServiceProvider
17:11:48.670 [FXGL Background Thread 3 ] DEBUG Engine               - class com.almasb.fxgl.audio.AudioPlayer
17:11:48.670 [FXGL Background Thread 3 ] DEBUG Engine               - class com.almasb.fxgl.notification.impl.NotificationServiceProvider
17:11:48.670 [FXGL Background Thread 3 ] DEBUG Engine               - class com.almasb.fxgl.achievement.AchievementService
17:11:48.670 [FXGL Background Thread 3 ] DEBUG Engine               - class com.almasb.fxgl.cutscene.CutsceneService
17:11:48.671 [FXGL Background Thread 3 ] DEBUG Engine               - class com.almasb.fxgl.minigames.MiniGameService
17:11:48.671 [FXGL Background Thread 3 ] DEBUG Engine               - class com.almasb.fxgl.net.NetService
17:11:48.672 [FXGL Background Thread 3 ] DEBUG Engine               - class com.almasb.fxgl.app.services.UpdaterService
17:11:48.672 [FXGL Background Thread 3 ] DEBUG Engine               - class com.almasb.fxgl.dev.DevService
17:11:52.679 [JavaFX Application Thread] DEBUG FXGLAssetLoaderServi - Loading from file system: /assets/textures/Map2.png
17:11:52.743 [JavaFX Application Thread] DEBUG FXGLAssetLoaderServi - Loading from file system: /assets/textures/TechTower.jpg
17:11:53.773 [JavaFX Application Thread] DEBUG FXGLAssetLoaderServi - Loading from cache: /assets/textures/Map2.png
17:11:53.776 [JavaFX Application Thread] DEBUG FXGLAssetLoaderServi - Loading from cache: /assets/textures/TechTower.jpg
17:11:53.959 [JavaFX Application Thread] DEBUG FXGLAssetLoaderServi - Loading from cache: /assets/textures/Map2.png
17:11:53.962 [JavaFX Application Thread] DEBUG FXGLAssetLoaderServi - Loading from cache: /assets/textures/TechTower.jpg
17:11:54.125 [JavaFX Application Thread] DEBUG FXGLAssetLoaderServi - Loading from cache: /assets/textures/Map2.png
17:11:54.127 [JavaFX Application Thread] DEBUG FXGLAssetLoaderServi - Loading from cache: /assets/textures/TechTower.jpg
17:11:54.269 [JavaFX Application Thread] DEBUG FXGLAssetLoaderServi - Loading from cache: /assets/textures/Map2.png
17:11:54.272 [JavaFX Application Thread] DEBUG FXGLAssetLoaderServi - Loading from cache: /assets/textures/TechTower.jpg
17:11:54.426 [JavaFX Application Thread] DEBUG FXGLAssetLoaderServi - Loading from cache: /assets/textures/Map2.png
17:11:54.429 [JavaFX Application Thread] DEBUG FXGLAssetLoaderServi - Loading from cache: /assets/textures/TechTower.jpg
17:11:54.584 [JavaFX Application Thread] DEBUG FXGLAssetLoaderServi - Loading from cache: /assets/textures/Map2.png
17:11:54.587 [JavaFX Application Thread] DEBUG FXGLAssetLoaderServi - Loading from cache: /assets/textures/TechTower.jpg
17:11:54.756 [JavaFX Application Thread] DEBUG FXGLAssetLoaderServi - Loading from cache: /assets/textures/Map2.png
17:11:54.758 [JavaFX Application Thread] DEBUG FXGLAssetLoaderServi - Loading from cache: /assets/textures/TechTower.jpg
17:11:54.914 [JavaFX Application Thread] DEBUG FXGLAssetLoaderServi - Loading from cache: /assets/textures/Map2.png
17:11:54.916 [JavaFX Application Thread] DEBUG FXGLAssetLoaderServi - Loading from cache: /assets/textures/TechTower.jpg
17:11:55.078 [JavaFX Application Thread] DEBUG FXGLAssetLoaderServi - Loading from cache: /assets/textures/Map2.png
17:11:55.080 [JavaFX Application Thread] DEBUG FXGLAssetLoaderServi - Loading from cache: /assets/textures/TechTower.jpg
17:11:55.237 [JavaFX Application Thread] DEBUG FXGLAssetLoaderServi - Loading from cache: /assets/textures/Map2.png
17:11:55.239 [JavaFX Application Thread] DEBUG FXGLAssetLoaderServi - Loading from cache: /assets/textures/TechTower.jpg
17:11:55.395 [JavaFX Application Thread] DEBUG FXGLAssetLoaderServi - Loading from cache: /assets/textures/Map2.png
17:11:55.397 [JavaFX Application Thread] DEBUG FXGLAssetLoaderServi - Loading from cache: /assets/textures/TechTower.jpg
17:11:55.567 [JavaFX Application Thread] DEBUG FXGLAssetLoaderServi - Loading from cache: /assets/textures/Map2.png
17:11:55.569 [JavaFX Application Thread] DEBUG FXGLAssetLoaderServi - Loading from cache: /assets/textures/TechTower.jpg
17:11:55.746 [JavaFX Application Thread] DEBUG FXGLAssetLoaderServi - Loading from cache: /assets/textures/Map2.png
17:11:55.748 [JavaFX Application Thread] DEBUG FXGLAssetLoaderServi - Loading from cache: /assets/textures/TechTower.jpg
17:11:55.925 [JavaFX Application Thread] DEBUG FXGLAssetLoaderServi - Loading from cache: /assets/textures/Map2.png
17:11:55.927 [JavaFX Application Thread] DEBUG FXGLAssetLoaderServi - Loading from cache: /assets/textures/TechTower.jpg
17:11:56.090 [JavaFX Application Thread] DEBUG FXGLAssetLoaderServi - Loading from cache: /assets/textures/Map2.png
17:11:56.107 [JavaFX Application Thread] DEBUG FXGLAssetLoaderServi - Loading from cache: /assets/textures/TechTower.jpg
17:11:59.679 [JavaFX Application Thread] DEBUG FXGLApplication      - Exiting FXGL
17:11:59.679 [JavaFX Application Thread] DEBUG LoopRunner           - Stopping loop
17:11:59.679 [JavaFX Application Thread] DEBUG SystemBundleService  - Saving FXGL system data
17:11:59.684 [JavaFX Application Thread] DEBUG FileSystemAccess     - Writing to: C:\Users\Tanner Price\Documents\M2\system\fxgl.bundle
17:11:59.688 [JavaFX Application Thread] DEBUG Async                - Shutting down background threads
17:11:59.688 [JavaFX Application Thread] DEBUG MainWindow           - Closing main window
17:11:59.751 [JavaFX Application Thread] DEBUG Logger               - Closing Logger
