17:24:04.260 [main                     ] DEBUG Logger               - Configured Logger
17:24:04.260 [main                     ] DEBUG GameApplication      - Logging settings
Title: Tower Defense
Version: 0.0
Width: 1050
Height: 700
Fullscreen: false
Intro: false
Profiling: false
Single step:false
App Mode: DEVELOPER
Menu Key: ESCAPE
Stage Style: DECORATED
Scene Factory: class TowerDefense$1

17:24:04.926 [JavaFX Application Thread] DEBUG FXGLApplication      - Initializing FXGL
17:24:04.930 [JavaFX Application Thread] INFO  Engine               - FXGL-11.12 (11.12.2020 08.51) on WINDOWS (J:17 FX:15)
17:24:04.930 [JavaFX Application Thread] DEBUG Engine               - JRE Vendor Name: Oracle Corporation
17:24:04.930 [JavaFX Application Thread] DEBUG Engine               - Running on OS: Windows 10 version 10.0
17:24:04.931 [JavaFX Application Thread] DEBUG Engine               - Architecture: amd64
17:24:04.931 [JavaFX Application Thread] INFO  Engine               - Source code and latest versions at: https://github.com/AlmasB/FXGL
17:24:04.931 [JavaFX Application Thread] INFO  Engine               -              Join the FXGL chat at: https://gitter.im/AlmasB/FXGL
17:24:05.135 [JavaFX Application Thread] DEBUG MainWindow           - Creating a JavaFX scene
17:24:05.239 [JavaFX Application Thread] DEBUG MainWindow           - Target settings size: 1050.0 x 700.0
17:24:05.239 [JavaFX Application Thread] DEBUG MainWindow           - Scaled scene size:    1050.0 x 700.0
17:24:05.239 [JavaFX Application Thread] DEBUG MainWindow           - Scaled ratio: (1.0, 1.0)
17:24:05.241 [JavaFX Application Thread] DEBUG MainWindow           - Set initial scene to StartupScene
17:24:05.255 [JavaFX Application Thread] DEBUG MainWindow           - Opening main window
17:24:05.410 [JavaFX Application Thread] DEBUG MainWindow           - Window border size: (13.0, 35.5)
17:24:05.411 [JavaFX Application Thread] DEBUG MainWindow           - Scaled size: 1050.0 x 700.0
17:24:05.411 [JavaFX Application Thread] DEBUG MainWindow           - Scaled ratio: (1.0, 1.0)
17:24:05.411 [JavaFX Application Thread] DEBUG MainWindow           - Scene size: 1050.0 x 700.0
17:24:05.411 [JavaFX Application Thread] DEBUG MainWindow           - Stage size: 1063.0 x 735.5
17:24:05.428 [FXGL Background Thread 1 ] DEBUG Engine               - Initializing environment variables
17:24:05.500 [FXGL Background Thread 1 ] DEBUG GameApplicationServi - Applying CSS: fxgl_dark.css
17:24:05.501 [FXGL Background Thread 1 ] DEBUG FXGLAssetLoaderServi - Loading from file system: /assets/ui/css/fxgl_dark.css
17:24:05.620 [FXGL Background Thread 1 ] DEBUG GameApplicationServi - Initializing application scenes
17:24:05.716 [FXGL Background Thread 1 ] DEBUG GameWorld            - Game world initialized
17:24:05.857 [FXGL Background Thread 1 ] DEBUG PhysicsWorld         - Physics world initialized: appHeight=700, physics.ppm=50.0
17:24:05.860 [FXGL Background Thread 1 ] DEBUG GameScene            - Game scene initialized: 1050x700
17:24:05.920 [FXGL Background Thread 1 ] DEBUG GameApplicationServi - Application scenes initialized
17:24:05.938 [FXGL Background Thread 1 ] DEBUG SystemBundleService  - Loading FXGL system data
17:24:05.945 [FXGL Background Thread 1 ] DEBUG FileSystemAccess     - Reading from: C:\Users\Tanner Price\Documents\M2\system\fxgl.bundle
17:24:05.954 [FXGL Background Thread 1 ] DEBUG SystemBundleService  - Bundle FXGL: {}
17:24:05.954 [FXGL Background Thread 1 ] DEBUG UpdaterService       - Checking for updates
17:24:05.961 [FXGL Background Thread 4 ] DEBUG FXGLApplication      - Loading fonts
17:24:05.961 [FXGL Background Thread 4 ] DEBUG FXGLAssetLoaderServi - Loading from file system: /assets/ui/fonts/VarelaRound-Regular.ttf
17:24:05.961 [FXGL Background Thread 1 ] DEBUG FXGLApplication      - Loading default localization
17:24:05.961 [FXGL Background Thread 1 ] DEBUG FXGLAssetLoaderServi - Loading from file system: /assets/languages/english.lang
17:24:05.998 [FXGL Background Thread 1 ] INFO  FXGLApplication      - FXGL initialization took: 0.570 sec
17:24:05.999 [JavaFX Application Thread] DEBUG FXGLAssetLoaderServi - Loading from file system: /assets/textures/fxgl_icon.png
17:24:06.059 [FXGL Background Thread 4 ] DEBUG FXGLAssetLoaderServi - Loading from file system: /assets/ui/fonts/Abel-Regular.ttf
17:24:06.078 [FXGL Background Thread 4 ] DEBUG FXGLAssetLoaderServi - Loading from file system: /assets/ui/fonts/lucida_console.ttf
17:24:06.096 [JavaFX Application Thread] DEBUG FXGLAssetLoaderServi - Loading from file system: /assets/ui/cursors/fxgl_default.png
17:24:06.105 [FXGL Background Thread 4 ] DEBUG FXGLAssetLoaderServi - Loading from file system: /assets/ui/fonts/Courier-Prime.ttf
17:24:06.119 [JavaFX Application Thread] DEBUG Input                - Registered new binding: Screenshot - P
17:24:06.120 [JavaFX Application Thread] DEBUG Input                - Registered new binding: System info dump - CTRL+9
17:24:06.121 [JavaFX Application Thread] DEBUG Input                - Registered new binding: Restart - CTRL+R
17:24:06.122 [JavaFX Application Thread] DEBUG Input                - Registered new binding: Toggle Debug Camera - CTRL+C
17:24:06.127 [JavaFX Application Thread] DEBUG LoopRunner           - Starting loop
17:24:06.132 [JavaFX Application Thread] DEBUG Input                - Clearing active input actions
17:24:06.155 [JavaFX Application Thread] DEBUG GameApplicationServi - Removing overlay from StartupScene and adding to FXGLMainMenuDummyScene
17:24:06.156 [JavaFX Application Thread] DEBUG MainWindow           - StartupScene -> FXGLMainMenuDummyScene
17:24:06.156 [JavaFX Application Thread] DEBUG MainWindow           - Push state: WelcomeMenu
17:24:06.156 [JavaFX Application Thread] DEBUG Input                - Clearing active input actions
17:24:06.163 [JavaFX Application Thread] DEBUG GameApplicationServi - Removing overlay from FXGLMainMenuDummyScene and adding to WelcomeMenu
17:24:06.164 [JavaFX Application Thread] DEBUG MainWindow           - FXGLMainMenuDummyScene -> WelcomeMenu
17:24:06.164 [JavaFX Application Thread] DEBUG FXGLApplication      - Registering font factories with UI factory
17:24:07.142 [FXGL Background Thread 2 ] INFO  UpdaterService       - Your current version:  11.12
17:24:07.143 [FXGL Background Thread 2 ] INFO  UpdaterService       - Latest stable version: 11.17
17:24:08.865 [JavaFX Application Thread] DEBUG FXGLApplication      - Exiting FXGL
17:24:08.865 [JavaFX Application Thread] DEBUG LoopRunner           - Stopping loop
17:24:08.865 [JavaFX Application Thread] DEBUG SystemBundleService  - Saving FXGL system data
17:24:08.870 [JavaFX Application Thread] DEBUG FileSystemAccess     - Writing to: C:\Users\Tanner Price\Documents\M2\system\fxgl.bundle
17:24:08.875 [JavaFX Application Thread] DEBUG Async                - Shutting down background threads
17:24:08.875 [JavaFX Application Thread] DEBUG MainWindow           - Closing main window
17:24:08.938 [JavaFX Application Thread] DEBUG Logger               - Closing Logger
