17:16:13.310 [main                     ] DEBUG Logger               - Configured Logger
17:16:13.310 [main                     ] DEBUG GameApplication      - Logging settings
Title: Tower Defense
Version: 0.0
Width: 1015
Height: 700
Fullscreen: false
Intro: false
Profiling: false
Single step:false
App Mode: DEVELOPER
Menu Key: ESCAPE
Stage Style: DECORATED
Scene Factory: class TowerDefense$1

17:16:14.033 [JavaFX Application Thread] DEBUG FXGLApplication      - Initializing FXGL
17:16:14.037 [JavaFX Application Thread] INFO  Engine               - FXGL-11.12 (11.12.2020 08.51) on WINDOWS (J:17 FX:15)
17:16:14.038 [JavaFX Application Thread] DEBUG Engine               - JRE Vendor Name: Oracle Corporation
17:16:14.038 [JavaFX Application Thread] DEBUG Engine               - Running on OS: Windows 10 version 10.0
17:16:14.038 [JavaFX Application Thread] DEBUG Engine               - Architecture: amd64
17:16:14.039 [JavaFX Application Thread] INFO  Engine               - Source code and latest versions at: https://github.com/AlmasB/FXGL
17:16:14.039 [JavaFX Application Thread] INFO  Engine               -              Join the FXGL chat at: https://gitter.im/AlmasB/FXGL
17:16:14.226 [JavaFX Application Thread] DEBUG MainWindow           - Creating a JavaFX scene
17:16:14.325 [JavaFX Application Thread] DEBUG MainWindow           - Target settings size: 1015.0 x 700.0
17:16:14.325 [JavaFX Application Thread] DEBUG MainWindow           - Scaled scene size:    1015.0 x 700.0
17:16:14.325 [JavaFX Application Thread] DEBUG MainWindow           - Scaled ratio: (1.0, 1.0)
17:16:14.328 [JavaFX Application Thread] DEBUG MainWindow           - Set initial scene to StartupScene
17:16:14.343 [JavaFX Application Thread] DEBUG MainWindow           - Opening main window
17:16:14.480 [JavaFX Application Thread] DEBUG MainWindow           - Window border size: (13.0, 35.5)
17:16:14.481 [JavaFX Application Thread] DEBUG MainWindow           - Scaled size: 1015.0 x 700.0
17:16:14.481 [JavaFX Application Thread] DEBUG MainWindow           - Scaled ratio: (1.0, 1.0)
17:16:14.482 [JavaFX Application Thread] DEBUG MainWindow           - Scene size: 1015.0 x 700.0
17:16:14.482 [JavaFX Application Thread] DEBUG MainWindow           - Stage size: 1028.0 x 735.5
17:16:14.504 [FXGL Background Thread 1 ] DEBUG Engine               - Initializing environment variables
17:16:14.587 [FXGL Background Thread 1 ] DEBUG GameApplicationServi - Applying CSS: fxgl_dark.css
17:16:14.589 [FXGL Background Thread 1 ] DEBUG FXGLAssetLoaderServi - Loading from file system: /assets/ui/css/fxgl_dark.css
17:16:14.730 [FXGL Background Thread 1 ] DEBUG GameApplicationServi - Initializing application scenes
17:16:14.831 [FXGL Background Thread 1 ] DEBUG GameWorld            - Game world initialized
17:16:14.976 [FXGL Background Thread 1 ] DEBUG PhysicsWorld         - Physics world initialized: appHeight=700, physics.ppm=50.0
17:16:14.980 [FXGL Background Thread 1 ] DEBUG GameScene            - Game scene initialized: 1015x700
17:16:15.046 [FXGL Background Thread 1 ] DEBUG GameApplicationServi - Application scenes initialized
17:16:15.068 [FXGL Background Thread 1 ] DEBUG SystemBundleService  - Loading FXGL system data
17:16:15.074 [FXGL Background Thread 1 ] DEBUG FileSystemAccess     - Reading from: C:\Users\Tanner Price\Documents\M2\system\fxgl.bundle
17:16:15.084 [FXGL Background Thread 1 ] DEBUG SystemBundleService  - Bundle FXGL: {}
17:16:15.084 [FXGL Background Thread 1 ] DEBUG UpdaterService       - Checking for updates
17:16:15.091 [FXGL Background Thread 4 ] DEBUG FXGLApplication      - Loading fonts
17:16:15.091 [FXGL Background Thread 4 ] DEBUG FXGLAssetLoaderServi - Loading from file system: /assets/ui/fonts/VarelaRound-Regular.ttf
17:16:15.092 [FXGL Background Thread 1 ] DEBUG FXGLApplication      - Loading default localization
17:16:15.092 [FXGL Background Thread 1 ] DEBUG FXGLAssetLoaderServi - Loading from file system: /assets/languages/english.lang
17:16:15.142 [FXGL Background Thread 1 ] INFO  FXGLApplication      - FXGL initialization took: 0.638 sec
17:16:15.144 [JavaFX Application Thread] DEBUG FXGLAssetLoaderServi - Loading from file system: /assets/textures/fxgl_icon.png
17:16:15.193 [FXGL Background Thread 4 ] DEBUG FXGLAssetLoaderServi - Loading from file system: /assets/ui/fonts/Abel-Regular.ttf
17:16:15.213 [FXGL Background Thread 4 ] DEBUG FXGLAssetLoaderServi - Loading from file system: /assets/ui/fonts/lucida_console.ttf
17:16:15.235 [JavaFX Application Thread] DEBUG FXGLAssetLoaderServi - Loading from file system: /assets/ui/cursors/fxgl_default.png
17:16:15.246 [FXGL Background Thread 4 ] DEBUG FXGLAssetLoaderServi - Loading from file system: /assets/ui/fonts/Courier-Prime.ttf
17:16:15.261 [JavaFX Application Thread] DEBUG Input                - Registered new binding: Screenshot - P
17:16:15.262 [JavaFX Application Thread] DEBUG Input                - Registered new binding: System info dump - CTRL+9
17:16:15.264 [JavaFX Application Thread] DEBUG Input                - Registered new binding: Restart - CTRL+R
17:16:15.266 [JavaFX Application Thread] DEBUG Input                - Registered new binding: Toggle Debug Camera - CTRL+C
17:16:15.272 [JavaFX Application Thread] DEBUG LoopRunner           - Starting loop
17:16:15.277 [JavaFX Application Thread] DEBUG Input                - Clearing active input actions
17:16:15.298 [JavaFX Application Thread] DEBUG GameApplicationServi - Removing overlay from StartupScene and adding to FXGLMainMenuDummyScene
17:16:15.299 [JavaFX Application Thread] DEBUG MainWindow           - StartupScene -> FXGLMainMenuDummyScene
17:16:15.299 [JavaFX Application Thread] DEBUG MainWindow           - Push state: WelcomeMenu
17:16:15.300 [JavaFX Application Thread] DEBUG Input                - Clearing active input actions
17:16:15.307 [JavaFX Application Thread] DEBUG GameApplicationServi - Removing overlay from FXGLMainMenuDummyScene and adding to WelcomeMenu
17:16:15.308 [JavaFX Application Thread] DEBUG MainWindow           - FXGLMainMenuDummyScene -> WelcomeMenu
17:16:15.334 [JavaFX Application Thread] DEBUG FXGLApplication      - Registering font factories with UI factory
17:16:15.883 [FXGL Background Thread 2 ] INFO  UpdaterService       - Your current version:  11.12
17:16:15.883 [FXGL Background Thread 2 ] INFO  UpdaterService       - Latest stable version: 11.17
17:16:16.226 [JavaFX Application Thread] DEBUG MainWindow           - Push state: ConfigScreen
17:16:16.226 [JavaFX Application Thread] DEBUG Input                - Clearing active input actions
17:16:16.239 [JavaFX Application Thread] DEBUG GameApplicationServi - Removing overlay from WelcomeMenu and adding to ConfigScreen
17:16:16.240 [JavaFX Application Thread] DEBUG MainWindow           - WelcomeMenu -> ConfigScreen
17:16:18.090 [FXGL Background Thread 3 ] DEBUG Engine               - Logging environment variables
17:16:18.091 [FXGL Background Thread 3 ] DEBUG Engine               - achievements: []
17:16:18.091 [FXGL Background Thread 3 ] DEBUG Engine               - actualHeight: 700.0
17:16:18.092 [FXGL Background Thread 3 ] DEBUG Engine               - actualHeightProperty: ReadOnlyDoubleProperty [value: 700.0]
17:16:18.092 [FXGL Background Thread 3 ] DEBUG Engine               - actualWidth: 1015.0
17:16:18.093 [FXGL Background Thread 3 ] DEBUG Engine               - actualWidthProperty: ReadOnlyDoubleProperty [value: 1015.0]
17:16:18.093 [FXGL Background Thread 3 ] DEBUG Engine               - appIcon: fxgl_icon.png
17:16:18.093 [FXGL Background Thread 3 ] DEBUG Engine               - applicationMode: DEVELOPER
17:16:18.094 [FXGL Background Thread 3 ] DEBUG Engine               - cSSList: [fxgl_dark.css]
17:16:18.094 [FXGL Background Thread 3 ] DEBUG Engine               - configClass: Optional.empty
17:16:18.094 [FXGL Background Thread 3 ] DEBUG Engine               - credits: []
17:16:18.097 [FXGL Background Thread 3 ] DEBUG Engine               - devBBoxColorProperty: ObjectProperty [value: 0xff0000ff]
17:16:18.097 [FXGL Background Thread 3 ] DEBUG Engine               - devEnableDebugCameraProperty: BooleanProperty [value: false]
17:16:18.097 [FXGL Background Thread 3 ] DEBUG Engine               - devSensorColorProperty: ObjectProperty [value: 0xffff00ff]
17:16:18.097 [FXGL Background Thread 3 ] DEBUG Engine               - devShowBBoxProperty: BooleanProperty [value: false]
17:16:18.097 [FXGL Background Thread 3 ] DEBUG Engine               - devShowPositionProperty: BooleanProperty [value: false]
17:16:18.098 [FXGL Background Thread 3 ] DEBUG Engine               - enabledMenuItems: []
17:16:18.098 [FXGL Background Thread 3 ] DEBUG Engine               - engineServices: [class com.almasb.fxgl.app.FXGLApplication$GameApplicationService, class com.almasb.fxgl.app.services.FXGLDialogService, class com.almasb.fxgl.app.services.IOTaskExecutorService, class com.almasb.fxgl.event.EventBusService, class com.almasb.fxgl.io.FileSystemService, class com.almasb.fxgl.localization.LocalizationService, class com.almasb.fxgl.app.services.FXGLAssetLoaderService, class com.almasb.fxgl.app.services.SystemBundleService, class com.almasb.fxgl.profile.SaveLoadService, class com.almasb.fxgl.ui.FXGLUIFactoryServiceProvider, class com.almasb.fxgl.ui.FXGLDialogFactoryServiceProvider, class com.almasb.fxgl.audio.AudioPlayer, class com.almasb.fxgl.notification.impl.NotificationServiceProvider, class com.almasb.fxgl.achievement.AchievementService, class com.almasb.fxgl.cutscene.CutsceneService, class com.almasb.fxgl.minigames.MiniGameService, class com.almasb.fxgl.net.NetService, class com.almasb.fxgl.app.services.UpdaterService, class com.almasb.fxgl.dev.DevService]
17:16:18.098 [FXGL Background Thread 3 ] DEBUG Engine               - fontGame: Abel-Regular.ttf
17:16:18.100 [FXGL Background Thread 3 ] DEBUG Engine               - fontMono: lucida_console.ttf
17:16:18.100 [FXGL Background Thread 3 ] DEBUG Engine               - fontText: Courier-Prime.ttf
17:16:18.101 [FXGL Background Thread 3 ] DEBUG Engine               - fontUI: VarelaRound-Regular.ttf
17:16:18.101 [FXGL Background Thread 3 ] DEBUG Engine               - fullScreen: BooleanProperty [value: false]
17:16:18.101 [FXGL Background Thread 3 ] DEBUG Engine               - gameDifficulty: MEDIUM
17:16:18.101 [FXGL Background Thread 3 ] DEBUG Engine               - gameDifficultyProperty: ObjectProperty [value: MEDIUM]
17:16:18.102 [FXGL Background Thread 3 ] DEBUG Engine               - globalMusicVolume: 0.5
17:16:18.102 [FXGL Background Thread 3 ] DEBUG Engine               - globalMusicVolumeProperty: DoubleProperty [value: 0.5]
17:16:18.102 [FXGL Background Thread 3 ] DEBUG Engine               - globalSoundVolume: 0.5
17:16:18.103 [FXGL Background Thread 3 ] DEBUG Engine               - globalSoundVolumeProperty: DoubleProperty [value: 0.5]
17:16:18.103 [FXGL Background Thread 3 ] DEBUG Engine               - height: 700
17:16:18.103 [FXGL Background Thread 3 ] DEBUG Engine               - isAndroid: false
17:16:18.104 [FXGL Background Thread 3 ] DEBUG Engine               - isBrowser: false
17:16:18.104 [FXGL Background Thread 3 ] DEBUG Engine               - isClickFeedbackEnabled: false
17:16:18.104 [FXGL Background Thread 3 ] DEBUG Engine               - isCloseConfirmation: false
17:16:18.104 [FXGL Background Thread 3 ] DEBUG Engine               - isDesktop: true
17:16:18.105 [FXGL Background Thread 3 ] DEBUG Engine               - isDeveloperMenuEnabled: false
17:16:18.105 [FXGL Background Thread 3 ] DEBUG Engine               - isEntityPreloadEnabled: true
17:16:18.105 [FXGL Background Thread 3 ] DEBUG Engine               - isExperimental3D: false
17:16:18.107 [FXGL Background Thread 3 ] DEBUG Engine               - isExperimentalNative: false
17:16:18.107 [FXGL Background Thread 3 ] DEBUG Engine               - isExperimentalTiledLargeMap: false
17:16:18.107 [FXGL Background Thread 3 ] DEBUG Engine               - isFileSystemWriteAllowed: true
17:16:18.107 [FXGL Background Thread 3 ] DEBUG Engine               - isFullScreenAllowed: false
17:16:18.108 [FXGL Background Thread 3 ] DEBUG Engine               - isFullScreenFromStart: false
17:16:18.108 [FXGL Background Thread 3 ] DEBUG Engine               - isGameMenuEnabled: true
17:16:18.108 [FXGL Background Thread 3 ] DEBUG Engine               - isIOS: false
17:16:18.108 [FXGL Background Thread 3 ] DEBUG Engine               - isIntroEnabled: false
17:16:18.108 [FXGL Background Thread 3 ] DEBUG Engine               - isLinux: false
17:16:18.108 [FXGL Background Thread 3 ] DEBUG Engine               - isMac: false
17:16:18.108 [FXGL Background Thread 3 ] DEBUG Engine               - isMainMenuEnabled: true
17:16:18.109 [FXGL Background Thread 3 ] DEBUG Engine               - isManualResizeEnabled: false
17:16:18.109 [FXGL Background Thread 3 ] DEBUG Engine               - isMobile: false
17:16:18.109 [FXGL Background Thread 3 ] DEBUG Engine               - isPreserveResizeRatio: false
17:16:18.109 [FXGL Background Thread 3 ] DEBUG Engine               - isProfilingEnabled: false
17:16:18.110 [FXGL Background Thread 3 ] DEBUG Engine               - isScaleAffectedOnResize: true
17:16:18.110 [FXGL Background Thread 3 ] DEBUG Engine               - isSingleStep: false
17:16:18.110 [FXGL Background Thread 3 ] DEBUG Engine               - isUserProfileEnabled: false
17:16:18.110 [FXGL Background Thread 3 ] DEBUG Engine               - isWindows: true
17:16:18.110 [FXGL Background Thread 3 ] DEBUG Engine               - language: ObjectProperty [value: ENGLISH]
17:16:18.111 [FXGL Background Thread 3 ] DEBUG Engine               - menuKey: ESCAPE
17:16:18.111 [FXGL Background Thread 3 ] DEBUG Engine               - notificationViewClass: class com.almasb.fxgl.notification.view.XboxNotificationView
17:16:18.111 [FXGL Background Thread 3 ] DEBUG Engine               - pixelsPerMeter: 50.0
17:16:18.112 [FXGL Background Thread 3 ] DEBUG Engine               - platform: WINDOWS
17:16:18.112 [FXGL Background Thread 3 ] DEBUG Engine               - prefHeightProperty: ReadOnlyDoubleProperty [value: 700.0]
17:16:18.112 [FXGL Background Thread 3 ] DEBUG Engine               - prefWidthProperty: ReadOnlyDoubleProperty [value: 1015.0]
17:16:18.112 [FXGL Background Thread 3 ] DEBUG Engine               - profileDir: profiles/
17:16:18.113 [FXGL Background Thread 3 ] DEBUG Engine               - profileName: StringProperty [value: DEFAULT]
17:16:18.113 [FXGL Background Thread 3 ] DEBUG Engine               - randomSeed: -1
17:16:18.113 [FXGL Background Thread 3 ] DEBUG Engine               - runtimeInfo: RuntimeInfo(platform=WINDOWS, version=11.12, build=11.12.2020 08.51)
17:16:18.113 [FXGL Background Thread 3 ] DEBUG Engine               - saveFileExt: sav
17:16:18.113 [FXGL Background Thread 3 ] DEBUG Engine               - scaledHeightProp$fxgl: DoubleProperty [bound, value: 700.0]
17:16:18.113 [FXGL Background Thread 3 ] DEBUG Engine               - scaledWidthProp$fxgl: DoubleProperty [bound, value: 1015.0]
17:16:18.114 [FXGL Background Thread 3 ] DEBUG Engine               - sceneFactory: TowerDefense$1@2e0f7784
17:16:18.114 [FXGL Background Thread 3 ] DEBUG Engine               - secondsIn24h: 60
17:16:18.114 [FXGL Background Thread 3 ] DEBUG Engine               - soundMenuBack: menu/back.wav
17:16:18.114 [FXGL Background Thread 3 ] DEBUG Engine               - soundMenuPress: menu/press.wav
17:16:18.114 [FXGL Background Thread 3 ] DEBUG Engine               - soundMenuSelect: menu/select.wav
17:16:18.114 [FXGL Background Thread 3 ] DEBUG Engine               - soundNotification: core/notification.wav
17:16:18.114 [FXGL Background Thread 3 ] DEBUG Engine               - stageStyle: DECORATED
17:16:18.114 [FXGL Background Thread 3 ] DEBUG Engine               - supportedLanguages: [ENGLISH, FRENCH, GERMAN, HUNGARIAN, RUSSIAN]
17:16:18.115 [FXGL Background Thread 3 ] DEBUG Engine               - title: Tower Defense
17:16:18.115 [FXGL Background Thread 3 ] DEBUG Engine               - urlGithub: https://github.com/AlmasB/FXGL
17:16:18.115 [FXGL Background Thread 3 ] DEBUG Engine               - urlLeaderboard: http://fxgl-top.herokuapp.com/
17:16:18.115 [FXGL Background Thread 3 ] DEBUG Engine               - urlPOM: https://raw.githubusercontent.com/AlmasB/FXGL/master/README.md
17:16:18.115 [FXGL Background Thread 3 ] DEBUG Engine               - version: 0.0
17:16:18.115 [FXGL Background Thread 3 ] DEBUG Engine               - versionCheckDays: 7
17:16:18.115 [FXGL Background Thread 3 ] DEBUG Engine               - width: 1015
17:16:18.116 [FXGL Background Thread 3 ] DEBUG Engine               - Logging services
17:16:18.116 [FXGL Background Thread 3 ] DEBUG Engine               - class com.almasb.fxgl.app.FXGLApplication$GameApplicationService
17:16:18.116 [FXGL Background Thread 3 ] DEBUG Engine               - class com.almasb.fxgl.app.services.FXGLDialogService
17:16:18.116 [FXGL Background Thread 3 ] DEBUG Engine               - class com.almasb.fxgl.app.services.IOTaskExecutorService
17:16:18.117 [FXGL Background Thread 3 ] DEBUG Engine               - class com.almasb.fxgl.event.EventBusService
17:16:18.117 [FXGL Background Thread 3 ] DEBUG Engine               - class com.almasb.fxgl.io.FileSystemService
17:16:18.117 [FXGL Background Thread 3 ] DEBUG Engine               - class com.almasb.fxgl.localization.LocalizationService
17:16:18.117 [FXGL Background Thread 3 ] DEBUG Engine               - class com.almasb.fxgl.app.services.FXGLAssetLoaderService
17:16:18.117 [FXGL Background Thread 3 ] DEBUG Engine               - class com.almasb.fxgl.app.services.SystemBundleService
17:16:18.117 [FXGL Background Thread 3 ] DEBUG Engine               - class com.almasb.fxgl.profile.SaveLoadService
17:16:18.117 [FXGL Background Thread 3 ] DEBUG Engine               - class com.almasb.fxgl.ui.FXGLUIFactoryServiceProvider
17:16:18.117 [FXGL Background Thread 3 ] DEBUG Engine               - class com.almasb.fxgl.ui.FXGLDialogFactoryServiceProvider
17:16:18.117 [FXGL Background Thread 3 ] DEBUG Engine               - class com.almasb.fxgl.audio.AudioPlayer
17:16:18.118 [FXGL Background Thread 3 ] DEBUG Engine               - class com.almasb.fxgl.notification.impl.NotificationServiceProvider
17:16:18.118 [FXGL Background Thread 3 ] DEBUG Engine               - class com.almasb.fxgl.achievement.AchievementService
17:16:18.118 [FXGL Background Thread 3 ] DEBUG Engine               - class com.almasb.fxgl.cutscene.CutsceneService
17:16:18.118 [FXGL Background Thread 3 ] DEBUG Engine               - class com.almasb.fxgl.minigames.MiniGameService
17:16:18.118 [FXGL Background Thread 3 ] DEBUG Engine               - class com.almasb.fxgl.net.NetService
17:16:18.118 [FXGL Background Thread 3 ] DEBUG Engine               - class com.almasb.fxgl.app.services.UpdaterService
17:16:18.120 [FXGL Background Thread 3 ] DEBUG Engine               - class com.almasb.fxgl.dev.DevService
17:16:20.134 [JavaFX Application Thread] DEBUG FXGLAssetLoaderServi - Loading from file system: /assets/textures/Map2.png
17:16:20.191 [JavaFX Application Thread] DEBUG FXGLAssetLoaderServi - Loading from file system: /assets/textures/TechTower.jpg
17:16:22.459 [JavaFX Application Thread] DEBUG FXGLApplication      - Exiting FXGL
17:16:22.460 [JavaFX Application Thread] DEBUG LoopRunner           - Stopping loop
17:16:22.460 [JavaFX Application Thread] DEBUG SystemBundleService  - Saving FXGL system data
17:16:22.464 [JavaFX Application Thread] DEBUG FileSystemAccess     - Writing to: C:\Users\Tanner Price\Documents\M2\system\fxgl.bundle
17:16:22.468 [JavaFX Application Thread] DEBUG Async                - Shutting down background threads
17:16:22.469 [JavaFX Application Thread] DEBUG MainWindow           - Closing main window
17:16:22.534 [JavaFX Application Thread] DEBUG Logger               - Closing Logger
